<?xml version="1.0" encoding="UTF-8"?>
<!-- Generated by org.testng.reporters.JUnitReportReporter -->
<testsuite hostname="LAPTOP-CGUJBJB4" failures="0" tests="1" name="CheckoutpageTestcases.TC_273_Check_checkout_page_shipping_address_fields" time="18.520" errors="0" timestamp="2023-11-08T16:17:19 IST" skipped="0">
  <testcase classname="CheckoutpageTestcases.TC_273_Check_checkout_page_shipping_address_fields" name="check_proceed_checkout_displays" time="18.520"/>
</testsuite> <!-- CheckoutpageTestcases.TC_273_Check_checkout_page_shipping_address_fields -->
