<?xml version="1.0" encoding="UTF-8"?>
<!-- Generated by org.testng.reporters.JUnitReportReporter -->
<testsuite hostname="LAPTOP-CGUJBJB4" failures="0" tests="1" name="CheckoutpageTestcases.TC_329_Check_checkout_page_billing_shipping_same_checkbox" time="20.402" errors="0" timestamp="2023-11-22T16:04:38 IST" skipped="0">
  <testcase classname="CheckoutpageTestcases.TC_329_Check_checkout_page_billing_shipping_same_checkbox" name="checkout_pg_displays_same_billing_shipping_add_checkbox" time="20.402"/>
</testsuite> <!-- CheckoutpageTestcases.TC_329_Check_checkout_page_billing_shipping_same_checkbox -->
