<?xml version="1.0" encoding="UTF-8"?>
<!-- Generated by org.testng.reporters.JUnitReportReporter -->
<testsuite hostname="LAPTOP-CGUJBJB4" failures="0" tests="1" name="CheckoutpageTestcases.TC_279_Check_firstname_accept_upto_20char_verify_msg_ship_add" time="22.136" errors="0" timestamp="2023-11-08T19:28:32 IST" skipped="0">
  <testcase classname="CheckoutpageTestcases.TC_279_Check_firstname_accept_upto_20char_verify_msg_ship_add" name="check_first_name_upto_20_characters" time="22.136"/>
</testsuite> <!-- CheckoutpageTestcases.TC_279_Check_firstname_accept_upto_20char_verify_msg_ship_add -->
