<?xml version="1.0" encoding="UTF-8"?>
<!-- Generated by org.testng.reporters.JUnitReportReporter -->
<testsuite hostname="LAPTOP-CGUJBJB4" failures="0" tests="1" name="Shopping_cartTestcases.TC_252_Check_cart_displays_required_fields" time="17.179" errors="0" timestamp="2023-11-02T20:02:20 IST" skipped="0">
  <testcase classname="Shopping_cartTestcases.TC_252_Check_cart_displays_required_fields" name="check_added_products_in_cart" time="17.179"/>
</testsuite> <!-- Shopping_cartTestcases.TC_252_Check_cart_displays_required_fields -->
