<?xml version="1.0" encoding="UTF-8"?>
<!-- Generated by org.testng.reporters.JUnitReportReporter -->
<testsuite hostname="LAPTOP-CGUJBJB4" failures="0" tests="1" name="CheckoutpageTestcases.TC_308_Check_city_accept_alphabets" time="25.515" errors="0" timestamp="2023-11-15T19:46:31 IST" skipped="0">
  <testcase classname="CheckoutpageTestcases.TC_308_Check_city_accept_alphabets" name="check_city_accept_alphabets" time="25.515"/>
</testsuite> <!-- CheckoutpageTestcases.TC_308_Check_city_accept_alphabets -->
