<?xml version="1.0" encoding="UTF-8"?>
<!-- Generated by org.testng.reporters.JUnitReportReporter -->
<testsuite hostname="LAPTOP-CGUJBJB4" failures="0" tests="1" name="MyaccountTestcases.TC_333_Check_required_fields_my_account" time="4.638" errors="0" timestamp="2023-11-28T19:28:47 IST" skipped="0">
  <testcase classname="MyaccountTestcases.TC_333_Check_required_fields_my_account" name="checkout_pg_displays_size_same_as_added" time="4.638"/>
</testsuite> <!-- MyaccountTestcases.TC_333_Check_required_fields_my_account -->
