<?xml version="1.0" encoding="UTF-8"?>
<!-- Generated by org.testng.reporters.JUnitReportReporter -->
<testsuite hostname="LAPTOP-CGUJBJB4" failures="0" tests="1" name="CheckoutpageTestcases.TC_276_Check_shipping_address_firstname_not_accept_numeric_value_displays_error_msg" time="18.693" errors="0" timestamp="2023-11-08T18:59:50 IST" skipped="0">
  <testcase classname="CheckoutpageTestcases.TC_276_Check_shipping_address_firstname_not_accept_numeric_value_displays_error_msg" name="check_first_name_blank_msg_shipping_address" time="18.693"/>
</testsuite> <!-- CheckoutpageTestcases.TC_276_Check_shipping_address_firstname_not_accept_numeric_value_displays_error_msg -->
