<?xml version="1.0" encoding="UTF-8"?>
<!-- Generated by org.testng.reporters.JUnitReportReporter -->
<testsuite hostname="LAPTOP-CGUJBJB4" failures="0" tests="1" name="Shopping_cartTestcases.TC_268_Check_Cart_page_title_displays_price" time="26.708" errors="0" timestamp="2023-11-06T21:43:04 IST" skipped="0">
  <testcase classname="Shopping_cartTestcases.TC_268_Check_Cart_page_title_displays_price" name="check_page_title_cart_displays_price" time="26.708"/>
</testsuite> <!-- Shopping_cartTestcases.TC_268_Check_Cart_page_title_displays_price -->
