<?xml version="1.0" encoding="UTF-8"?>
<!-- Generated by org.testng.reporters.JUnitReportReporter -->
<testsuite hostname="LAPTOP-CGUJBJB4" failures="0" tests="1" name="PDPpagetTestcases.TC_227_Check_if_width_or_lgth_value_invalid_price_remains_zero" time="8.883" errors="0" timestamp="2023-10-23T18:24:49 IST" skipped="0">
  <testcase classname="PDPpagetTestcases.TC_227_Check_if_width_or_lgth_value_invalid_price_remains_zero" name="check_partial_payment_close" time="8.883"/>
</testsuite> <!-- PDPpagetTestcases.TC_227_Check_if_width_or_lgth_value_invalid_price_remains_zero -->
