<?xml version="1.0" encoding="UTF-8"?>
<!-- Generated by org.testng.reporters.JUnitReportReporter -->
<testsuite hostname="LAPTOP-CGUJBJB4" failures="0" tests="1" name="PDPpagetTestcases.TC_179_Check_own_colors_able_to_click_core_pastel" time="8.457" errors="0" timestamp="2023-10-09T18:15:38 IST" skipped="0">
  <testcase classname="PDPpagetTestcases.TC_179_Check_own_colors_able_to_click_core_pastel" name="check_dropdown_own_colors" time="8.457"/>
</testsuite> <!-- PDPpagetTestcases.TC_179_Check_own_colors_able_to_click_core_pastel -->
