<?xml version="1.0" encoding="UTF-8"?>
<!-- Generated by org.testng.reporters.JUnitReportReporter -->
<testsuite hostname="LAPTOP-CGUJBJB4" failures="0" tests="1" name="PDPpagetTestcases.TC_230_Check_addto_cart_without_login_pop_up_close" time="10.695" errors="0" timestamp="2023-10-23T19:48:21 IST" skipped="0">
  <testcase classname="PDPpagetTestcases.TC_230_Check_addto_cart_without_login_pop_up_close" name="check_addtocart_without_login_popup_close" time="10.695"/>
</testsuite> <!-- PDPpagetTestcases.TC_230_Check_addto_cart_without_login_pop_up_close -->
