<?xml version="1.0" encoding="UTF-8"?>
<!-- Generated by org.testng.reporters.JUnitReportReporter -->
<testsuite hostname="LAPTOP-CGUJBJB4" failures="0" tests="1" name="Shopping_cartTestcases.TC_265_Check_when_cart_empty_Continue_shopping_displays" time="17.992" errors="0" timestamp="2023-11-06T19:55:46 IST" skipped="0">
  <testcase classname="Shopping_cartTestcases.TC_265_Check_when_cart_empty_Continue_shopping_displays" name="check_continue_shopping_when_empty_cart" time="17.992"/>
</testsuite> <!-- Shopping_cartTestcases.TC_265_Check_when_cart_empty_Continue_shopping_displays -->
