<?xml version="1.0" encoding="UTF-8"?>
<!-- Generated by org.testng.reporters.JUnitReportReporter -->
<testsuite hostname="LAPTOP-CGUJBJB4" failures="0" tests="1" name="Shopping_cartTestcases.TC_269_Check_delete_product_cart_popup" time="16.547" errors="0" timestamp="2023-11-07T18:55:49 IST" skipped="0">
  <testcase classname="Shopping_cartTestcases.TC_269_Check_delete_product_cart_popup" name="check_delete_product_cart_popup_homepage" time="16.547"/>
</testsuite> <!-- Shopping_cartTestcases.TC_269_Check_delete_product_cart_popup -->
