<?xml version="1.0" encoding="UTF-8"?>
<!-- Generated by org.testng.reporters.JUnitReportReporter -->
<testsuite hostname="LAPTOP-CGUJBJB4" failures="0" tests="1" name="MyaccountTestcases.TC_342_Check_my_acct_change_email_password_left_blank_verify_error_msg" time="6.747" errors="0" timestamp="2023-12-01T19:29:23 IST" skipped="0">
  <testcase classname="MyaccountTestcases.TC_342_Check_my_acct_change_email_password_left_blank_verify_error_msg" name="Check_my_acct_change_email_password_inputs_left_blank_verify_error_msg" time="6.747"/>
</testsuite> <!-- MyaccountTestcases.TC_342_Check_my_acct_change_email_password_left_blank_verify_error_msg -->
