<?xml version="1.0" encoding="UTF-8"?>
<!-- Generated by org.testng.reporters.JUnitReportReporter -->
<testsuite hostname="LAPTOP-CGUJBJB4" failures="0" tests="1" name="CheckoutpageTestcases.TC_332_Check_checkout_page_product_size_same_as_added" time="21.783" errors="0" timestamp="2023-11-22T18:56:33 IST" skipped="0">
  <testcase classname="CheckoutpageTestcases.TC_332_Check_checkout_page_product_size_same_as_added" name="checkout_pg_displays_size_same_as_added" time="21.783"/>
</testsuite> <!-- CheckoutpageTestcases.TC_332_Check_checkout_page_product_size_same_as_added -->
