<?xml version="1.0" encoding="UTF-8"?>
<!-- Generated by org.testng.reporters.JUnitReportReporter -->
<testsuite hostname="LAPTOP-CGUJBJB4" failures="0" tests="1" name="Shopping_cartTestcases.TC_263_Check_checkout_directs_to_checkout_page" time="30.764" errors="0" timestamp="2023-11-06T18:42:13 IST" skipped="0">
  <testcase classname="Shopping_cartTestcases.TC_263_Check_checkout_directs_to_checkout_page" name="check_checkout_directs_checkout_page" time="30.764"/>
</testsuite> <!-- Shopping_cartTestcases.TC_263_Check_checkout_directs_to_checkout_page -->
