<?xml version="1.0" encoding="UTF-8"?>
<!-- Generated by org.testng.reporters.JUnitReportReporter -->
<testsuite hostname="LAPTOP-CGUJBJB4" failures="0" tests="1" name="Shopping_cartTestcases.TC_254_Check_able_to_change_quantity_and_price_changes" time="20.009" errors="0" timestamp="2023-11-03T17:32:14 IST" skipped="0">
  <testcase classname="Shopping_cartTestcases.TC_254_Check_able_to_change_quantity_and_price_changes" name="check_able_to_change_quantity_Cart" time="20.009"/>
</testsuite> <!-- Shopping_cartTestcases.TC_254_Check_able_to_change_quantity_and_price_changes -->
