<?xml version="1.0" encoding="UTF-8"?>
<!-- Generated by org.testng.reporters.JUnitReportReporter -->
<testsuite hostname="LAPTOP-CGUJBJB4" failures="0" tests="1" name="CheckoutpageTestcases.TC_328_Check_checkout_page_displays_payment_info_if_partial_payment" time="19.625" errors="0" timestamp="2023-11-27T18:28:54 IST" skipped="0">
  <testcase classname="CheckoutpageTestcases.TC_328_Check_checkout_page_displays_payment_info_if_partial_payment" name="checkout_pg_displays_handling_charge" time="19.625"/>
</testsuite> <!-- CheckoutpageTestcases.TC_328_Check_checkout_page_displays_payment_info_if_partial_payment -->
