<?xml version="1.0" encoding="UTF-8"?>
<!-- Generated by org.testng.reporters.JUnitReportReporter -->
<testsuite hostname="LAPTOP-CGUJBJB4" failures="0" tests="1" name="PDPpagetTestcases.TC_239_Check_stain_protection_default" time="9.029" errors="0" timestamp="2023-10-25T21:10:51 IST" skipped="0">
  <testcase classname="PDPpagetTestcases.TC_239_Check_stain_protection_default" name="check_small_rug_price" time="9.029"/>
</testsuite> <!-- PDPpagetTestcases.TC_239_Check_stain_protection_default -->
