<?xml version="1.0" encoding="UTF-8"?>
<!-- Generated by org.testng.reporters.JUnitReportReporter -->
<testsuite hostname="LAPTOP-CGUJBJB4" failures="0" tests="1" name="CheckoutpageTestcases.TC_320_Check_credit_card_number_accepts_16digits" time="24.175" errors="0" timestamp="2023-11-27T20:19:27 IST" skipped="0">
  <testcase classname="CheckoutpageTestcases.TC_320_Check_credit_card_number_accepts_16digits" name="check_creditcard_accept_16digits" time="24.175"/>
</testsuite> <!-- CheckoutpageTestcases.TC_320_Check_credit_card_number_accepts_16digits -->
