<?xml version="1.0" encoding="UTF-8"?>
<!-- Generated by org.testng.reporters.JUnitReportReporter -->
<testsuite hostname="LAPTOP-CGUJBJB4" failures="0" tests="1" name="PDPpagetTestcases.TC_243_Check_stain_protection_price_changes_when_shape_changed" time="23.929" errors="0" timestamp="2023-10-26T20:27:27 IST" skipped="0">
  <testcase classname="PDPpagetTestcases.TC_243_Check_stain_protection_price_changes_when_shape_changed" name="check_stain_protection_price_when_shape_changes" time="23.929"/>
</testsuite> <!-- PDPpagetTestcases.TC_243_Check_stain_protection_price_changes_when_shape_changed -->
