<?xml version="1.0" encoding="UTF-8"?>
<!-- Generated by org.testng.reporters.JUnitReportReporter -->
<testsuite hostname="LAPTOP-CGUJBJB4" failures="0" tests="1" name="PDPpagetTestcases.TC_184_Check_own_colors_pastel_displays_color_name_mousehover" time="7.254" errors="0" timestamp="2023-10-09T20:26:12 IST" skipped="0">
  <testcase classname="PDPpagetTestcases.TC_184_Check_own_colors_pastel_displays_color_name_mousehover" name="check_pastel_colors_displays_on_leftside_when_mousehover" time="7.254"/>
</testsuite> <!-- PDPpagetTestcases.TC_184_Check_own_colors_pastel_displays_color_name_mousehover -->
