<?xml version="1.0" encoding="UTF-8"?>
<!-- Generated by org.testng.reporters.JUnitReportReporter -->
<testsuite hostname="LAPTOP-CGUJBJB4" failures="0" tests="1" name="CheckoutpageTestcases.TC_311_Check_city_not_accept_alphanumeric" time="22.298" errors="0" timestamp="2023-11-15T20:27:39 IST" skipped="0">
  <testcase classname="CheckoutpageTestcases.TC_311_Check_city_not_accept_alphanumeric" name="check_city_not_accept_alphanumeric" time="22.298"/>
</testsuite> <!-- CheckoutpageTestcases.TC_311_Check_city_not_accept_alphanumeric -->
