<?xml version="1.0" encoding="UTF-8"?>
<!-- Generated by org.testng.reporters.JUnitReportReporter -->
<testsuite hostname="LAPTOP-CGUJBJB4" failures="0" tests="1" name="Shopping_cartTestcases.TC_260_Check_return_policy_link_verify" time="20.385" errors="0" timestamp="2023-11-03T19:26:42 IST" skipped="0">
  <testcase classname="Shopping_cartTestcases.TC_260_Check_return_policy_link_verify" name="check_return_policy_link_verify" time="20.385"/>
</testsuite> <!-- Shopping_cartTestcases.TC_260_Check_return_policy_link_verify -->
