<?xml version="1.0" encoding="UTF-8"?>
<!-- Generated by org.testng.reporters.JUnitReportReporter -->
<testsuite hostname="LAPTOP-CGUJBJB4" failures="0" tests="1" name="MyaccountTestcases.TC_337_Check_my_acct_change_email_left_blank_verify_errormsg" time="6.564" errors="0" timestamp="2023-11-30T19:56:27 IST" skipped="0">
  <testcase classname="MyaccountTestcases.TC_337_Check_my_acct_change_email_left_blank_verify_errormsg" name="checkout_my_acct_change_email_password_save_displays" time="6.564"/>
</testsuite> <!-- MyaccountTestcases.TC_337_Check_my_acct_change_email_left_blank_verify_errormsg -->
