<?xml version="1.0" encoding="UTF-8"?>
<!-- Generated by org.testng.reporters.JUnitReportReporter -->
<testsuite hostname="LAPTOP-CGUJBJB4" failures="0" tests="1" name="CheckoutpageTestcases.TC_318_Check_credit_card_number_displays_msg_left_blank" time="23.823" errors="0" timestamp="2023-11-17T20:34:24 IST" skipped="0">
  <testcase classname="CheckoutpageTestcases.TC_318_Check_credit_card_number_displays_msg_left_blank" name="check_creditcard_left_blank_verify_msg" time="23.823"/>
</testsuite> <!-- CheckoutpageTestcases.TC_318_Check_credit_card_number_displays_msg_left_blank -->
