<?xml version="1.0" encoding="UTF-8"?>
<!-- Generated by org.testng.reporters.JUnitReportReporter -->
<testsuite hostname="LAPTOP-CGUJBJB4" failures="0" tests="1" name="CheckoutpageTestcases.TC_270_Check_Proceedto_Checkout_displays" time="16.260" errors="0" timestamp="2023-11-07T19:31:27 IST" skipped="0">
  <testcase classname="CheckoutpageTestcases.TC_270_Check_Proceedto_Checkout_displays" name="check_proceed_checkout_displays" time="16.260"/>
</testsuite> <!-- CheckoutpageTestcases.TC_270_Check_Proceedto_Checkout_displays -->
