<?xml version="1.0" encoding="UTF-8"?>
<!-- Generated by org.testng.reporters.JUnitReportReporter -->
<testsuite hostname="LAPTOP-CGUJBJB4" failures="0" tests="1" name="PDPpagetTestcases.TC_201_Check_pile_height_inch_mm_when_feet_cm_selected" time="9.275" errors="0" timestamp="2023-10-13T18:58:09 IST" skipped="0">
  <testcase classname="PDPpagetTestcases.TC_201_Check_pile_height_inch_mm_when_feet_cm_selected" name="check_size_cm_range" time="9.275"/>
</testsuite> <!-- PDPpagetTestcases.TC_201_Check_pile_height_inch_mm_when_feet_cm_selected -->
