<?xml version="1.0" encoding="UTF-8"?>
<!-- Generated by org.testng.reporters.JUnitReportReporter -->
<testsuite hostname="LAPTOP-CGUJBJB4" failures="0" tests="1" name="CheckoutpageTestcases.TC_313_Check_state_dropdown" time="21.131" errors="0" timestamp="2023-11-16T21:23:36 IST" skipped="0">
  <testcase classname="CheckoutpageTestcases.TC_313_Check_state_dropdown" name="check_state_dropdown" time="21.131"/>
</testsuite> <!-- CheckoutpageTestcases.TC_313_Check_state_dropdown -->
