<?xml version="1.0" encoding="UTF-8"?>
<!-- Generated by org.testng.reporters.JUnitReportReporter -->
<testsuite hostname="LAPTOP-CGUJBJB4" failures="0" tests="1" name="PDPpagetTestcases.TC_215_Check_PDP_top_bar_dropdown" time="7.135" errors="0" timestamp="2023-10-19T21:50:53 IST" skipped="0">
  <testcase classname="PDPpagetTestcases.TC_215_Check_PDP_top_bar_dropdown" name="check_topbar_dropdown" time="7.135"/>
</testsuite> <!-- PDPpagetTestcases.TC_215_Check_PDP_top_bar_dropdown -->
