<?xml version="1.0" encoding="UTF-8"?>
<!-- Generated by org.testng.reporters.JUnitReportReporter -->
<testsuite hostname="LAPTOP-CGUJBJB4" failures="0" tests="1" name="CheckoutpageTestcases.TC_303_Check_street_address_accept_special_charac" time="26.148" errors="0" timestamp="2023-11-14T19:48:09 IST" skipped="0">
  <testcase classname="CheckoutpageTestcases.TC_303_Check_street_address_accept_special_charac" name="check_street_address_accept_special_charac" time="26.148"/>
</testsuite> <!-- CheckoutpageTestcases.TC_303_Check_street_address_accept_special_charac -->
