<?xml version="1.0" encoding="UTF-8"?>
<!-- Generated by org.testng.reporters.JUnitReportReporter -->
<testsuite hostname="LAPTOP-CGUJBJB4" failures="0" tests="1" name="CheckoutpageTestcases.TC_282_Check_shipping_address_lastname_not_accept_alphanumeric_value_displays_error_msg" time="21.378" errors="0" timestamp="2023-11-08T19:56:49 IST" skipped="0">
  <testcase classname="CheckoutpageTestcases.TC_282_Check_shipping_address_lastname_not_accept_alphanumeric_value_displays_error_msg" name="check_last_name_not_accept_alphanumeric_displays_msg" time="21.378"/>
</testsuite> <!-- CheckoutpageTestcases.TC_282_Check_shipping_address_lastname_not_accept_alphanumeric_value_displays_error_msg -->
