<?xml version="1.0" encoding="UTF-8"?>
<!-- Generated by org.testng.reporters.JUnitReportReporter -->
<testsuite hostname="LAPTOP-CGUJBJB4" failures="0" tests="1" name="MyaccountTestcases.TC_335_Check_my_acct_change_password_with_save" time="5.754" errors="0" timestamp="2023-11-28T20:31:14 IST" skipped="0">
  <testcase classname="MyaccountTestcases.TC_335_Check_my_acct_change_password_with_save" name="checkout_my_acct_change_password_save_displays" time="5.754"/>
</testsuite> <!-- MyaccountTestcases.TC_335_Check_my_acct_change_password_with_save -->
