<?xml version="1.0" encoding="UTF-8"?>
<!-- Generated by org.testng.reporters.JUnitReportReporter -->
<testsuite hostname="LAPTOP-CGUJBJB4" failures="0" tests="1" name="CheckoutpageTestcases.TC_281_Check_shipping_address_lastname_accept_alphabets" time="20.758" errors="0" timestamp="2023-11-08T19:48:05 IST" skipped="0">
  <testcase classname="CheckoutpageTestcases.TC_281_Check_shipping_address_lastname_accept_alphabets" name="check_last_name_accept_alphabets" time="20.758"/>
</testsuite> <!-- CheckoutpageTestcases.TC_281_Check_shipping_address_lastname_accept_alphabets -->
