<?xml version="1.0" encoding="UTF-8"?>
<!-- Generated by org.testng.reporters.JUnitReportReporter -->
<testsuite hostname="LAPTOP-CGUJBJB4" failures="0" tests="1" name="Ordersample_SectionTestcases.TC_163_Check_order_samples_displays_selected_colors_PDP" time="12.591" errors="0" timestamp="2023-10-03T18:02:03 IST" skipped="0">
  <testcase classname="Ordersample_SectionTestcases.TC_163_Check_order_samples_displays_selected_colors_PDP" name="orderdisplays_selectedcolors_of_PDP" time="12.591"/>
</testsuite> <!-- Ordersample_SectionTestcases.TC_163_Check_order_samples_displays_selected_colors_PDP -->
