<?xml version="1.0" encoding="UTF-8"?>
<!-- Generated by org.testng.reporters.JUnitReportReporter -->
<testsuite hostname="LAPTOP-CGUJBJB4" failures="0" tests="1" name="PDPpagetTestcases.TC_208_Check_if_pile_height_gets_changed_when_shape_color_changed_and_page_refreshed" time="18.622" errors="0" timestamp="2023-10-17T21:45:47 IST" skipped="0">
  <testcase classname="PDPpagetTestcases.TC_208_Check_if_pile_height_gets_changed_when_shape_color_changed_and_page_refreshed" name="check_if_pile_height_gets_changed" time="18.622"/>
</testsuite> <!-- PDPpagetTestcases.TC_208_Check_if_pile_height_gets_changed_when_shape_color_changed_and_page_refreshed -->
