<?xml version="1.0" encoding="UTF-8"?>
<!-- Generated by org.testng.reporters.JUnitReportReporter -->
<testsuite hostname="LAPTOP-CGUJBJB4" failures="0" tests="1" name="MyaccountTestcases.TC_338_Check_my_acct_change_email_invalid_input_entered_verifymsg" time="10.024" errors="0" timestamp="2023-12-01T19:02:39 IST" skipped="0">
  <testcase classname="MyaccountTestcases.TC_338_Check_my_acct_change_email_invalid_input_entered_verifymsg" name="Check_my_acct_change_email_password_save_displays" time="10.024"/>
</testsuite> <!-- MyaccountTestcases.TC_338_Check_my_acct_change_email_invalid_input_entered_verifymsg -->
