<?xml version="1.0" encoding="UTF-8"?>
<!-- Generated by org.testng.reporters.JUnitReportReporter -->
<testsuite hostname="LAPTOP-CGUJBJB4" failures="0" tests="1" name="PDPpagetTestcases.TC_198_Check_size_length_width_not_accept_special_characters" time="13.791" errors="0" timestamp="2023-10-12T19:29:51 IST" skipped="0">
  <testcase classname="PDPpagetTestcases.TC_198_Check_size_length_width_not_accept_special_characters" name="check_size_rugsize_enter_special_character_verify_errormsg" time="13.791"/>
</testsuite> <!-- PDPpagetTestcases.TC_198_Check_size_length_width_not_accept_special_characters -->
