<?xml version="1.0" encoding="UTF-8"?>
<!-- Generated by org.testng.reporters.JUnitReportReporter -->
<testsuite hostname="LAPTOP-CGUJBJB4" failures="0" tests="1" name="CheckoutpageTestcases.TC_291_Check_shipping_address_phonenumber_not_accept_more_digits" time="30.729" errors="0" timestamp="2023-11-09T19:38:09 IST" skipped="0">
  <testcase classname="CheckoutpageTestcases.TC_291_Check_shipping_address_phonenumber_not_accept_more_digits" name="check_phonenumber_not_accept_less_digits_verify_msg" time="30.729"/>
</testsuite> <!-- CheckoutpageTestcases.TC_291_Check_shipping_address_phonenumber_not_accept_more_digits -->
