<?xml version="1.0" encoding="UTF-8"?>
<!-- Generated by org.testng.reporters.JUnitReportReporter -->
<testsuite hostname="LAPTOP-CGUJBJB4" failures="0" tests="1" name="PDPpagetTestcases.TC_203_Check_all_pile_height_displaying_correctly" time="9.252" errors="0" timestamp="2023-10-13T20:15:53 IST" skipped="0">
  <testcase classname="PDPpagetTestcases.TC_203_Check_all_pile_height_displaying_correctly" name="check_all_pile_height_displaying" time="9.252"/>
</testsuite> <!-- PDPpagetTestcases.TC_203_Check_all_pile_height_displaying_correctly -->
