<?xml version="1.0" encoding="UTF-8"?>
<!-- Generated by org.testng.reporters.JUnitReportReporter -->
<testsuite hostname="LAPTOP-CGUJBJB4" failures="0" tests="1" name="PDPpagetTestcases.TC_167_Check_color_changes_to_default_reset_changes_clicked" time="17.204" errors="0" timestamp="2023-10-04T18:12:12 IST" skipped="0">
  <testcase classname="PDPpagetTestcases.TC_167_Check_color_changes_to_default_reset_changes_clicked" name="check_color_changes_to_default_reset_changes_clicked" time="17.204"/>
</testsuite> <!-- PDPpagetTestcases.TC_167_Check_color_changes_to_default_reset_changes_clicked -->
