<?xml version="1.0" encoding="UTF-8"?>
<!-- Generated by org.testng.reporters.JUnitReportReporter -->
<testsuite hostname="LAPTOP-CGUJBJB4" failures="0" tests="1" name="PDPpagetTestcases.TC_191_Check_able_select_different_rugmaterial" time="20.877" errors="0" timestamp="2023-10-11T16:16:37 IST" skipped="0">
  <testcase classname="PDPpagetTestcases.TC_191_Check_able_select_different_rugmaterial" name="check_rugmaterial_silk_changed" time="20.877"/>
</testsuite> <!-- PDPpagetTestcases.TC_191_Check_able_select_different_rugmaterial -->
