<?xml version="1.0" encoding="UTF-8"?>
<!-- Generated by org.testng.reporters.JUnitReportReporter -->
<testsuite hostname="LAPTOP-CGUJBJB4" failures="0" tests="1" name="MyaccountTestcases.TC_343_Check_my_acct_first_name_left_blank_verify_msg" time="5.529" errors="0" timestamp="2023-12-01T19:41:51 IST" skipped="0">
  <testcase classname="MyaccountTestcases.TC_343_Check_my_acct_first_name_left_blank_verify_msg" name="Check_my_acct_first_name_left_blank_verify_error_msg" time="5.529"/>
</testsuite> <!-- MyaccountTestcases.TC_343_Check_my_acct_first_name_left_blank_verify_msg -->
