<?xml version="1.0" encoding="UTF-8"?>
<!-- Generated by org.testng.reporters.JUnitReportReporter -->
<testsuite hostname="LAPTOP-CGUJBJB4" failures="0" tests="1" name="PDPpagetTestcases.TC_232_Check_PDP_Order_sample_bottom_link" time="8.143" errors="0" timestamp="2023-10-25T17:19:55 IST" skipped="0">
  <testcase classname="PDPpagetTestcases.TC_232_Check_PDP_Order_sample_bottom_link" name="check_signin_addto_cart_functionality" time="8.143"/>
</testsuite> <!-- PDPpagetTestcases.TC_232_Check_PDP_Order_sample_bottom_link -->
