<?xml version="1.0" encoding="UTF-8"?>
<!-- Generated by org.testng.reporters.JUnitReportReporter -->
<testsuite hostname="LAPTOP-CGUJBJB4" failures="0" tests="1" name="CheckoutpageTestcases.TC_274_Check_shipping_address_mandatory_fields" time="19.931" errors="0" timestamp="2023-11-08T16:46:08 IST" skipped="0">
  <testcase classname="CheckoutpageTestcases.TC_274_Check_shipping_address_mandatory_fields" name="check_shipping_address_mandatory_fields" time="19.931"/>
</testsuite> <!-- CheckoutpageTestcases.TC_274_Check_shipping_address_mandatory_fields -->
