<?xml version="1.0" encoding="UTF-8"?>
<!-- Generated by org.testng.reporters.JUnitReportReporter -->
<testsuite hostname="LAPTOP-CGUJBJB4" failures="0" tests="1" name="CheckoutpageTestcases.TC_277_Check_shipping_address_firstname_not_accept_alphanumeric_value_displays_error_msg" time="18.713" errors="0" timestamp="2023-11-08T19:09:02 IST" skipped="0">
  <testcase classname="CheckoutpageTestcases.TC_277_Check_shipping_address_firstname_not_accept_alphanumeric_value_displays_error_msg" name="check_first_name_blank_msg_shipping_address" time="18.713"/>
</testsuite> <!-- CheckoutpageTestcases.TC_277_Check_shipping_address_firstname_not_accept_alphanumeric_value_displays_error_msg -->
