<?xml version="1.0" encoding="UTF-8"?>
<!-- Generated by org.testng.reporters.JUnitReportReporter -->
<testsuite hostname="LAPTOP-CGUJBJB4" failures="0" tests="1" name="PDPpagetTestcases.TC_199_Check_size_ft_range_verify_error_msg" time="10.527" errors="0" timestamp="2023-10-12T19:58:17 IST" skipped="0">
  <testcase classname="PDPpagetTestcases.TC_199_Check_size_ft_range_verify_error_msg" name="check_size_ft_range" time="10.527"/>
</testsuite> <!-- PDPpagetTestcases.TC_199_Check_size_ft_range_verify_error_msg -->
