<?xml version="1.0" encoding="UTF-8"?>
<!-- Generated by org.testng.reporters.JUnitReportReporter -->
<testsuite hostname="LAPTOP-CGUJBJB4" failures="0" tests="1" name="PDPpagetTestcases.TC_214_Check_PDP_top_bar_displays_required_fields" time="7.333" errors="0" timestamp="2023-10-19T21:47:23 IST" skipped="0">
  <testcase classname="PDPpagetTestcases.TC_214_Check_PDP_top_bar_displays_required_fields" name="check_top_bar_displays_required_details" time="7.333"/>
</testsuite> <!-- PDPpagetTestcases.TC_214_Check_PDP_top_bar_displays_required_fields -->
