<?xml version="1.0" encoding="UTF-8"?>
<!-- Generated by org.testng.reporters.JUnitReportReporter -->
<testsuite hostname="LAPTOP-CGUJBJB4" failures="0" tests="1" name="PDPpagetTestcases.TC_190_Check_rugmaterial_silk_changed_should_change_in_all" time="20.467" errors="0" timestamp="2023-10-10T20:29:04 IST" skipped="0">
  <testcase classname="PDPpagetTestcases.TC_190_Check_rugmaterial_silk_changed_should_change_in_all" name="check_scroll_core_pastel_colors" time="20.467"/>
</testsuite> <!-- PDPpagetTestcases.TC_190_Check_rugmaterial_silk_changed_should_change_in_all -->
