<?xml version="1.0" encoding="UTF-8"?>
<!-- Generated by org.testng.reporters.JUnitReportReporter -->
<testsuite hostname="LAPTOP-CGUJBJB4" failures="0" tests="1" name="homepagetestcases.TC_013_Check_Rugfinder_link_working_boxdisplays" time="5.243" errors="0" timestamp="2023-12-01T14:29:04 IST" skipped="0">
  <testcase classname="homepagetestcases.TC_013_Check_Rugfinder_link_working_boxdisplays" name="check_rugfinder_link_working_boxappears_Test" time="5.243"/>
</testsuite> <!-- homepagetestcases.TC_013_Check_Rugfinder_link_working_boxdisplays -->
