<?xml version="1.0" encoding="UTF-8"?>
<!-- Generated by org.testng.reporters.JUnitReportReporter -->
<testsuite hostname="LAPTOP-CGUJBJB4" failures="0" tests="1" name="Shopping_cartTestcases.TC_264_Check_when_cart_empty_verify_msg" time="19.957" errors="0" timestamp="2023-11-06T19:37:56 IST" skipped="0">
  <testcase classname="Shopping_cartTestcases.TC_264_Check_when_cart_empty_verify_msg" name="check_remove_product_cart" time="19.957"/>
</testsuite> <!-- Shopping_cartTestcases.TC_264_Check_when_cart_empty_verify_msg -->
