<?xml version="1.0" encoding="UTF-8"?>
<!-- Generated by org.testng.reporters.JUnitReportReporter -->
<testsuite hostname="LAPTOP-CGUJBJB4" failures="0" tests="1" name="PDPpagetTestcases.TC_183_Check_search_functionality_core_colors_in_own_colors" time="9.317" errors="0" timestamp="2023-10-11T14:31:56 IST" skipped="0">
  <testcase classname="PDPpagetTestcases.TC_183_Check_search_functionality_core_colors_in_own_colors" name="check_search_functionality_core_colors" time="9.317"/>
</testsuite> <!-- PDPpagetTestcases.TC_183_Check_search_functionality_core_colors_in_own_colors -->
