<?xml version="1.0" encoding="UTF-8"?>
<!-- Generated by org.testng.reporters.JUnitReportReporter -->
<testsuite hostname="LAPTOP-CGUJBJB4" failures="0" tests="1" name="PDPpagetTestcases.TC_170_Check_when_rugshape_changed_colors_remain_same" time="10.197" errors="0" timestamp="2023-10-04T20:08:24 IST" skipped="0">
  <testcase classname="PDPpagetTestcases.TC_170_Check_when_rugshape_changed_colors_remain_same" name="check_material_changed_colors_remain_same" time="10.197"/>
</testsuite> <!-- PDPpagetTestcases.TC_170_Check_when_rugshape_changed_colors_remain_same -->
