<?xml version="1.0" encoding="UTF-8"?>
<!-- Generated by org.testng.reporters.JUnitReportReporter -->
<testsuite hostname="LAPTOP-CGUJBJB4" failures="0" tests="1" name="PDPpagetTestcases.TC_219_Check_PDP_top_bar_in_share_product_link_displays" time="9.661" errors="0" timestamp="2023-10-25T19:03:31 IST" skipped="0">
  <testcase classname="PDPpagetTestcases.TC_219_Check_PDP_top_bar_in_share_product_link_displays" name="check_topbar_share_link" time="9.661"/>
</testsuite> <!-- PDPpagetTestcases.TC_219_Check_PDP_top_bar_in_share_product_link_displays -->
