<?xml version="1.0" encoding="UTF-8"?>
<!-- Generated by org.testng.reporters.JUnitReportReporter -->
<testsuite hostname="LAPTOP-CGUJBJB4" failures="0" tests="1" name="CheckoutpageTestcases.TC_310_Check_city_not_accept_digits" time="28.164" errors="0" timestamp="2023-11-15T20:18:01 IST" skipped="0">
  <testcase classname="CheckoutpageTestcases.TC_310_Check_city_not_accept_digits" name="check_city_not_accept_digits" time="28.164"/>
</testsuite> <!-- CheckoutpageTestcases.TC_310_Check_city_not_accept_digits -->
