<?xml version="1.0" encoding="UTF-8"?>
<!-- Generated by org.testng.reporters.JUnitReportReporter -->
<testsuite hostname="LAPTOP-CGUJBJB4" failures="0" tests="1" name="MyaccountTestcases.TC_347_Check_my_acct_name_updated_success_msg_appears" time="6.385" errors="0" timestamp="2023-12-01T22:36:29 IST" skipped="0">
  <testcase classname="MyaccountTestcases.TC_347_Check_my_acct_name_updated_success_msg_appears" name="Check_my_acct_last_name_left_blank_verify_msg" time="6.385"/>
</testsuite> <!-- MyaccountTestcases.TC_347_Check_my_acct_name_updated_success_msg_appears -->
