<?xml version="1.0" encoding="UTF-8"?>
<!-- Generated by org.testng.reporters.JUnitReportReporter -->
<testsuite hostname="LAPTOP-CGUJBJB4" failures="0" tests="1" name="Shopping_cartTestcases.TC_257_Check_able_to_add_wishlist_from_cart" time="17.186" errors="0" timestamp="2023-11-03T18:47:46 IST" skipped="0">
  <testcase classname="Shopping_cartTestcases.TC_257_Check_able_to_add_wishlist_from_cart" name="check_add_wishlist_cart_verify_popup_msg" time="17.186"/>
</testsuite> <!-- Shopping_cartTestcases.TC_257_Check_able_to_add_wishlist_from_cart -->
