<?xml version="1.0" encoding="UTF-8"?>
<!-- Generated by org.testng.reporters.JUnitReportReporter -->
<testsuite hostname="LAPTOP-CGUJBJB4" failures="0" tests="1" name="PDPpagetTestcases.TC_249_Check_related_designs_displaying" time="10.129" errors="0" timestamp="2023-10-27T20:12:32 IST" skipped="0">
  <testcase classname="PDPpagetTestcases.TC_249_Check_related_designs_displaying" name="check_related_designs" time="10.129"/>
</testsuite> <!-- PDPpagetTestcases.TC_249_Check_related_designs_displaying -->
