<?xml version="1.0" encoding="UTF-8"?>
<!-- Generated by org.testng.reporters.JUnitReportReporter -->
<testsuite hostname="LAPTOP-CGUJBJB4" failures="0" tests="1" name="CheckoutpageTestcases.TC_298_Check_shipping_address_comp_name_not_accept_alphanumeric" time="23.616" errors="0" timestamp="2023-11-14T17:57:41 IST" skipped="0">
  <testcase classname="CheckoutpageTestcases.TC_298_Check_shipping_address_comp_name_not_accept_alphanumeric" name="check_shipping_add_company_name_accept_speical_charc" time="23.616"/>
</testsuite> <!-- CheckoutpageTestcases.TC_298_Check_shipping_address_comp_name_not_accept_alphanumeric -->
