<?xml version="1.0" encoding="UTF-8"?>
<!-- Generated by org.testng.reporters.JUnitReportReporter -->
<testsuite hostname="LAPTOP-CGUJBJB4" failures="0" tests="1" name="CheckoutpageTestcases.TC_271_Check_Proceedto_Checkout_directs_checkout_page" time="17.387" errors="0" timestamp="2023-11-07T19:53:43 IST" skipped="0">
  <testcase classname="CheckoutpageTestcases.TC_271_Check_Proceedto_Checkout_directs_checkout_page" name="check_proceed_checkout_displays" time="17.387"/>
</testsuite> <!-- CheckoutpageTestcases.TC_271_Check_Proceedto_Checkout_directs_checkout_page -->
