<?xml version="1.0" encoding="UTF-8"?>
<!-- Generated by org.testng.reporters.JUnitReportReporter -->
<testsuite hostname="LAPTOP-CGUJBJB4" failures="0" tests="1" name="CheckoutpageTestcases.TC_275_Check_shipping_address_firstname_display_validation_msg_left_blank" time="18.501" errors="0" timestamp="2023-11-08T18:48:19 IST" skipped="0">
  <testcase classname="CheckoutpageTestcases.TC_275_Check_shipping_address_firstname_display_validation_msg_left_blank" name="check_first_name_blank_msg_shipping_address" time="18.501"/>
</testsuite> <!-- CheckoutpageTestcases.TC_275_Check_shipping_address_firstname_display_validation_msg_left_blank -->
