<?xml version="1.0" encoding="UTF-8"?>
<!-- Generated by org.testng.reporters.JUnitReportReporter -->
<testsuite hostname="LAPTOP-CGUJBJB4" failures="0" tests="1" name="headertestcases.TC_002_Check_aboutuslink" time="2.194" errors="0" timestamp="2023-10-19T22:04:39 IST" skipped="0">
  <testcase classname="headertestcases.TC_002_Check_aboutuslink" name="Check_aboutuslink_Test" time="2.194"/>
</testsuite> <!-- headertestcases.TC_002_Check_aboutuslink -->
