<?xml version="1.0" encoding="UTF-8"?>
<!-- Generated by org.testng.reporters.JUnitReportReporter -->
<testsuite hostname="LAPTOP-CGUJBJB4" failures="0" tests="1" name="MyaccountTestcases.TC_334_Check_my_acct_change_email_with_save" time="5.703" errors="0" timestamp="2023-11-28T20:20:56 IST" skipped="0">
  <testcase classname="MyaccountTestcases.TC_334_Check_my_acct_change_email_with_save" name="checkout_my_acct_change_email_save_displays" time="5.703"/>
</testsuite> <!-- MyaccountTestcases.TC_334_Check_my_acct_change_email_with_save -->
