<?xml version="1.0" encoding="UTF-8"?>
<!-- Generated by org.testng.reporters.JUnitReportReporter -->
<testsuite hostname="LAPTOP-CGUJBJB4" failures="0" tests="1" name="PDPpagetTestcases.TC_248_Check_edit_history_functionality" time="15.867" errors="0" timestamp="2023-10-27T19:58:48 IST" skipped="0">
  <testcase classname="PDPpagetTestcases.TC_248_Check_edit_history_functionality" name="check_wishlist_functionality_login_verify" time="15.867"/>
</testsuite> <!-- PDPpagetTestcases.TC_248_Check_edit_history_functionality -->
