<?xml version="1.0" encoding="UTF-8"?>
<!-- Generated by org.testng.reporters.JUnitReportReporter -->
<testsuite hostname="LAPTOP-CGUJBJB4" failures="0" tests="1" name="PDPpagetTestcases.TC_212_Check_maximum_Quantity" time="21.153" errors="0" timestamp="2023-10-18T19:28:24 IST" skipped="0">
  <testcase classname="PDPpagetTestcases.TC_212_Check_maximum_Quantity" name="check_price_change_quantity_increased" time="21.153"/>
</testsuite> <!-- PDPpagetTestcases.TC_212_Check_maximum_Quantity -->
