<?xml version="1.0" encoding="UTF-8"?>
<!-- Generated by org.testng.reporters.JUnitReportReporter -->
<testsuite hostname="LAPTOP-CGUJBJB4" failures="0" tests="1" name="PDPpagetTestcases.TC_231_Check_signin_add_to_cart_verify" time="16.820" errors="0" timestamp="2023-10-25T16:53:19 IST" skipped="0">
  <testcase classname="PDPpagetTestcases.TC_231_Check_signin_add_to_cart_verify" name="check_topbar_add_to_cart_verify_shopping_cart" time="16.820"/>
</testsuite> <!-- PDPpagetTestcases.TC_231_Check_signin_add_to_cart_verify -->
