<?xml version="1.0" encoding="UTF-8"?>
<!-- Generated by org.testng.reporters.JUnitReportReporter -->
<testsuite hostname="LAPTOP-CGUJBJB4" failures="0" tests="1" name="PDPpagetTestcases.TC_200_Check_size_cm_range_verify_error_msg" time="11.601" errors="0" timestamp="2023-10-12T20:09:30 IST" skipped="0">
  <testcase classname="PDPpagetTestcases.TC_200_Check_size_cm_range_verify_error_msg" name="check_size_cm_range" time="11.601"/>
</testsuite> <!-- PDPpagetTestcases.TC_200_Check_size_cm_range_verify_error_msg -->
