<?xml version="1.0" encoding="UTF-8"?>
<!-- Generated by org.testng.reporters.JUnitReportReporter -->
<testsuite hostname="LAPTOP-CGUJBJB4" failures="0" tests="1" name="PDPpagetTestcases.TC_225_Check_partial_payment_close" time="10.449" errors="0" timestamp="2023-10-23T16:58:07 IST" skipped="0">
  <testcase classname="PDPpagetTestcases.TC_225_Check_partial_payment_close" name="check_partial_payment_default_option" time="10.449"/>
</testsuite> <!-- PDPpagetTestcases.TC_225_Check_partial_payment_close -->
