<?xml version="1.0" encoding="UTF-8"?>
<!-- Generated by org.testng.reporters.JUnitReportReporter -->
<testsuite hostname="LAPTOP-CGUJBJB4" failures="0" tests="1" name="PDPpagetTestcases.TC_173_Check_handtufted_rugtype_default_rug_material_displays" time="9.312" errors="0" timestamp="2023-10-05T21:26:14 IST" skipped="0">
  <testcase classname="PDPpagetTestcases.TC_173_Check_handtufted_rugtype_default_rug_material_displays" name="checkhandknottedrugtype_default_materials" time="9.312"/>
</testsuite> <!-- PDPpagetTestcases.TC_173_Check_handtufted_rugtype_default_rug_material_displays -->
