<?xml version="1.0" encoding="UTF-8"?>
<!-- Generated by org.testng.reporters.JUnitReportReporter -->
<testsuite hostname="LAPTOP-CGUJBJB4" failures="0" tests="1" name="MyaccountTestcases.TC_338_Check_my_acct_change_email_ableto_enter_valid_email" time="7.732" errors="0" timestamp="2023-12-01T00:10:08 IST" skipped="0">
  <testcase classname="MyaccountTestcases.TC_338_Check_my_acct_change_email_ableto_enter_valid_email" name="checkout_my_acct_change_email_password_save_displays" time="7.732"/>
</testsuite> <!-- MyaccountTestcases.TC_338_Check_my_acct_change_email_ableto_enter_valid_email -->
