<?xml version="1.0" encoding="UTF-8"?>
<!-- Generated by org.testng.reporters.JUnitReportReporter -->
<testsuite hostname="LAPTOP-CGUJBJB4" failures="0" tests="1" name="Shopping_cartTestcases.TC_251_Check_added_products_displayed_in_cart" time="27.445" errors="0" timestamp="2023-11-01T22:22:17 IST" skipped="0">
  <testcase classname="Shopping_cartTestcases.TC_251_Check_added_products_displayed_in_cart" name="check_added_products_in_cart" time="27.445"/>
</testsuite> <!-- Shopping_cartTestcases.TC_251_Check_added_products_displayed_in_cart -->
