<?xml version="1.0" encoding="UTF-8"?>
<!-- Generated by org.testng.reporters.JUnitReportReporter -->
<testsuite hostname="LAPTOP-CGUJBJB4" failures="0" tests="1" name="PDPpagetTestcases.TC_214_Check_scroll_down_top_bar_displays" time="7.127" errors="0" timestamp="2023-10-19T19:49:25 IST" skipped="0">
  <testcase classname="PDPpagetTestcases.TC_214_Check_scroll_down_top_bar_displays" name="check_scroll_down_top_bar_displays" time="7.127"/>
</testsuite> <!-- PDPpagetTestcases.TC_214_Check_scroll_down_top_bar_displays -->
