<?xml version="1.0" encoding="UTF-8"?>
<!-- Generated by org.testng.reporters.JUnitReportReporter -->
<testsuite hostname="LAPTOP-CGUJBJB4" failures="0" tests="1" name="CheckoutpageTestcases.TC_325_Check_able_to_go_back_cart" time="22.087" errors="0" timestamp="2023-11-27T18:05:44 IST" skipped="0">
  <testcase classname="CheckoutpageTestcases.TC_325_Check_able_to_go_back_cart" name="goback_to_cart" time="22.087"/>
</testsuite> <!-- CheckoutpageTestcases.TC_325_Check_able_to_go_back_cart -->
