<?xml version="1.0" encoding="UTF-8"?>
<!-- Generated by org.testng.reporters.JUnitReportReporter -->
<testsuite hostname="LAPTOP-CGUJBJB4" failures="0" tests="1" name="CheckoutpageTestcases.TC_317_Check_zipcode_displays_msg_left_blank" time="23.148" errors="0" timestamp="2023-11-17T18:56:47 IST" skipped="0">
  <testcase classname="CheckoutpageTestcases.TC_317_Check_zipcode_displays_msg_left_blank" name="check_zipcode_not_accept_special_charac" time="23.148"/>
</testsuite> <!-- CheckoutpageTestcases.TC_317_Check_zipcode_displays_msg_left_blank -->
