<?xml version="1.0" encoding="UTF-8"?>
<!-- Generated by org.testng.reporters.JUnitReportReporter -->
<testsuite hostname="LAPTOP-CGUJBJB4" failures="0" tests="1" name="PDPpagetTestcases.TC_245_Check_stain_protection_in_Cart" time="19.810" errors="0" timestamp="2023-10-27T16:22:44 IST" skipped="0">
  <testcase classname="PDPpagetTestcases.TC_245_Check_stain_protection_in_Cart" name="check_stain_protection_price_when_quantity_changes" time="19.810"/>
</testsuite> <!-- PDPpagetTestcases.TC_245_Check_stain_protection_in_Cart -->
