<?xml version="1.0" encoding="UTF-8"?>
<!-- Generated by org.testng.reporters.JUnitReportReporter -->
<testsuite hostname="LAPTOP-CGUJBJB4" failures="0" tests="1" name="PDPpagetTestcases.TC_235_Check_PDP_bottom_share_copy_button_functionality" time="9.934" errors="0" timestamp="2023-10-25T19:24:18 IST" skipped="0">
  <testcase classname="PDPpagetTestcases.TC_235_Check_PDP_bottom_share_copy_button_functionality" name="check_copy_button_functionality_in_share" time="9.934"/>
</testsuite> <!-- PDPpagetTestcases.TC_235_Check_PDP_bottom_share_copy_button_functionality -->
