<?xml version="1.0" encoding="UTF-8"?>
<!-- Generated by org.testng.reporters.JUnitReportReporter -->
<testsuite hostname="LAPTOP-CGUJBJB4" failures="0" tests="1" name="PDPpagetTestcases.TC_196_Check_size_length_width_left_blank_verify_err_msg" time="13.285" errors="0" timestamp="2023-10-12T18:54:37 IST" skipped="0">
  <testcase classname="PDPpagetTestcases.TC_196_Check_size_length_width_left_blank_verify_err_msg" name="check_size_rugsize_left_blank_verify_error_msg" time="13.285"/>
</testsuite> <!-- PDPpagetTestcases.TC_196_Check_size_length_width_left_blank_verify_err_msg -->
