<?xml version="1.0" encoding="UTF-8"?>
<!-- Generated by org.testng.reporters.JUnitReportReporter -->
<testsuite hostname="LAPTOP-CGUJBJB4" failures="0" tests="1" name="PDPpagetTestcases.TC_250_Check_topbar_changes" time="14.450" errors="0" timestamp="2023-10-27T20:33:12 IST" skipped="0">
  <testcase classname="PDPpagetTestcases.TC_250_Check_topbar_changes" name="check_topbar_order_sample_link" time="14.450"/>
</testsuite> <!-- PDPpagetTestcases.TC_250_Check_topbar_changes -->
