<?xml version="1.0" encoding="UTF-8"?>
<!-- Generated by org.testng.reporters.JUnitReportReporter -->
<testsuite hostname="LAPTOP-CGUJBJB4" failures="0" tests="1" name="PDPpagetTestcases.TC_244_Check_stain_protection_price_changes_when_quantity_changed" time="21.724" errors="0" timestamp="2023-10-26T20:44:37 IST" skipped="0">
  <testcase classname="PDPpagetTestcases.TC_244_Check_stain_protection_price_changes_when_quantity_changed" name="check_stain_protection_price_when_quantity_changes" time="21.724"/>
</testsuite> <!-- PDPpagetTestcases.TC_244_Check_stain_protection_price_changes_when_quantity_changed -->
