<?xml version="1.0" encoding="UTF-8"?>
<!-- Generated by org.testng.reporters.JUnitReportReporter -->
<testsuite hostname="LAPTOP-CGUJBJB4" failures="0" tests="1" name="CheckoutpageTestcases.TC_331_Check_checkout_page_grand_total" time="27.534" errors="0" timestamp="2023-11-22T18:33:03 IST" skipped="0">
  <testcase classname="CheckoutpageTestcases.TC_331_Check_checkout_page_grand_total" name="checkout_pg_displays_same_billing_shipping_add_checkbox" time="27.534"/>
</testsuite> <!-- CheckoutpageTestcases.TC_331_Check_checkout_page_grand_total -->
