<?xml version="1.0" encoding="UTF-8"?>
<!-- Generated by org.testng.reporters.JUnitReportReporter -->
<testsuite hostname="LAPTOP-CGUJBJB4" failures="0" tests="1" name="CheckoutpageTestcases.TC_294_Check_shipping_address_search_add_zip_code" time="25.280" errors="0" timestamp="2023-11-10T20:01:44 IST" skipped="0">
  <testcase classname="CheckoutpageTestcases.TC_294_Check_shipping_address_search_add_zip_code" name="check_search_zip_code_functionality" time="25.280"/>
</testsuite> <!-- CheckoutpageTestcases.TC_294_Check_shipping_address_search_add_zip_code -->
