<?xml version="1.0" encoding="UTF-8"?>
<!-- Generated by org.testng.reporters.JUnitReportReporter -->
<testsuite hostname="LAPTOP-CGUJBJB4" failures="0" tests="1" name="PDPpagetTestcases.TC_186_Check_able_to_change_pastel_colors" time="26.659" errors="0" timestamp="2023-10-10T17:56:23 IST" skipped="0">
  <testcase classname="PDPpagetTestcases.TC_186_Check_able_to_change_pastel_colors" name="check_core_colors_displays_on_leftside_when_mousehover" time="26.659"/>
</testsuite> <!-- PDPpagetTestcases.TC_186_Check_able_to_change_pastel_colors -->
