<?xml version="1.0" encoding="UTF-8"?>
<!-- Generated by org.testng.reporters.JUnitReportReporter -->
<testsuite hostname="LAPTOP-CGUJBJB4" failures="0" tests="1" name="PDPpagetTestcases.TC_182_Check_able_to_change_core_colors" time="22.851" errors="0" timestamp="2023-10-09T19:50:35 IST" skipped="0">
  <testcase classname="PDPpagetTestcases.TC_182_Check_able_to_change_core_colors" name="check_core_colors_displays_displays_when_mousehover_leftside" time="22.851"/>
</testsuite> <!-- PDPpagetTestcases.TC_182_Check_able_to_change_core_colors -->
