<?xml version="1.0" encoding="UTF-8"?>
<!-- Generated by org.testng.reporters.JUnitReportReporter -->
<testsuite hostname="LAPTOP-CGUJBJB4" failures="0" tests="1" name="CheckoutpageTestcases.TC_316_Check_zipcode_accept_digits_alphanumeric" time="22.580" errors="0" timestamp="2023-11-17T18:19:28 IST" skipped="0">
  <testcase classname="CheckoutpageTestcases.TC_316_Check_zipcode_accept_digits_alphanumeric" name="check_zipcode_not_accept_special_charac" time="22.580"/>
</testsuite> <!-- CheckoutpageTestcases.TC_316_Check_zipcode_accept_digits_alphanumeric -->
