<?xml version="1.0" encoding="UTF-8"?>
<!-- Generated by org.testng.reporters.JUnitReportReporter -->
<testsuite hostname="LAPTOP-CGUJBJB4" failures="0" tests="1" name="PDPpagetTestcases.TC_195_Check_size_able_to_select_ft_cm" time="12.003" errors="0" timestamp="2023-10-11T20:43:44 IST" skipped="0">
  <testcase classname="PDPpagetTestcases.TC_195_Check_size_able_to_select_ft_cm" name="check_size_ft_cm" time="12.003"/>
</testsuite> <!-- PDPpagetTestcases.TC_195_Check_size_able_to_select_ft_cm -->
