<?xml version="1.0" encoding="UTF-8"?>
<!-- Generated by org.testng.reporters.JUnitReportReporter -->
<testsuite hostname="LAPTOP-CGUJBJB4" failures="0" tests="1" name="CheckoutpageTestcases.TC_288_Check_shipping_address_phonenumber_not_accept_alphabets_verify_msg" time="27.017" errors="0" timestamp="2023-11-09T19:06:45 IST" skipped="0">
  <testcase classname="CheckoutpageTestcases.TC_288_Check_shipping_address_phonenumber_not_accept_alphabets_verify_msg" name="check_phonenumber_not_accept_alphabet_verify_msg" time="27.017"/>
</testsuite> <!-- CheckoutpageTestcases.TC_288_Check_shipping_address_phonenumber_not_accept_alphabets_verify_msg -->
