<?xml version="1.0" encoding="UTF-8"?>
<!-- Generated by org.testng.reporters.JUnitReportReporter -->
<testsuite hostname="LAPTOP-CGUJBJB4" failures="0" tests="1" name="CheckoutpageTestcases.TC_297_Check_shipping_address_comp_name_accept_special_char" time="27.023" errors="0" timestamp="2023-11-10T21:48:15 IST" skipped="0">
  <testcase classname="CheckoutpageTestcases.TC_297_Check_shipping_address_comp_name_accept_special_char" name="check_shipping_add_company_name_accept_speical_charc" time="27.023"/>
</testsuite> <!-- CheckoutpageTestcases.TC_297_Check_shipping_address_comp_name_accept_special_char -->
