<?xml version="1.0" encoding="UTF-8"?>
<!-- Generated by org.testng.reporters.JUnitReportReporter -->
<testsuite hostname="LAPTOP-CGUJBJB4" failures="0" tests="1" name="PDPpagetTestcases.TC_221_Check_PDP_top_bar_close_button" time="8.412" errors="0" timestamp="2023-10-20T20:25:16 IST" skipped="0">
  <testcase classname="PDPpagetTestcases.TC_221_Check_PDP_top_bar_close_button" name="check_topbar_share_link" time="8.412"/>
</testsuite> <!-- PDPpagetTestcases.TC_221_Check_PDP_top_bar_close_button -->
