<?xml version="1.0" encoding="UTF-8"?>
<!-- Generated by org.testng.reporters.JUnitReportReporter -->
<testsuite hostname="LAPTOP-CGUJBJB4" failures="0" tests="1" name="headertestcases.TC_003_Check_Trade_link" time="2.824" errors="0" timestamp="2023-12-01T14:29:04 IST" skipped="0">
  <testcase classname="headertestcases.TC_003_Check_Trade_link" name="Check_Trade_link_Test" time="2.824"/>
</testsuite> <!-- headertestcases.TC_003_Check_Trade_link -->
