<?xml version="1.0" encoding="UTF-8"?>
<!-- Generated by org.testng.reporters.JUnitReportReporter -->
<testsuite hostname="LAPTOP-CGUJBJB4" failures="0" tests="1" name="PDPpagetTestcases.TC_197_Check_size_length_width_not_accept_alphabets" time="13.886" errors="0" timestamp="2023-10-12T19:21:17 IST" skipped="0">
  <testcase classname="PDPpagetTestcases.TC_197_Check_size_length_width_not_accept_alphabets" name="check_size_rugsize_enter_alphabets_verify_errormsg" time="13.886"/>
</testsuite> <!-- PDPpagetTestcases.TC_197_Check_size_length_width_not_accept_alphabets -->
