<?xml version="1.0" encoding="UTF-8"?>
<!-- Generated by org.testng.reporters.JUnitReportReporter -->
<testsuite hostname="LAPTOP-CGUJBJB4" failures="0" tests="1" name="PDPpagetTestcases.TC_226_Check_default_price" time="9.701" errors="0" timestamp="2023-10-23T17:33:11 IST" skipped="0">
  <testcase classname="PDPpagetTestcases.TC_226_Check_default_price" name="check_partial_payment_close" time="9.701"/>
</testsuite> <!-- PDPpagetTestcases.TC_226_Check_default_price -->
