<?xml version="1.0" encoding="UTF-8"?>
<!-- Generated by org.testng.reporters.JUnitReportReporter -->
<testsuite hostname="LAPTOP-CGUJBJB4" failures="0" tests="1" name="CheckoutpageTestcases.TC_278_Check_shipping_address_firstname_accept_alphabets" time="18.358" errors="0" timestamp="2023-11-08T19:17:11 IST" skipped="0">
  <testcase classname="CheckoutpageTestcases.TC_278_Check_shipping_address_firstname_accept_alphabets" name="check_first_name_accept_alphabets" time="18.358"/>
</testsuite> <!-- CheckoutpageTestcases.TC_278_Check_shipping_address_firstname_accept_alphabets -->
