<?xml version="1.0" encoding="UTF-8"?>
<!-- Generated by org.testng.reporters.JUnitReportReporter -->
<testsuite hostname="LAPTOP-CGUJBJB4" failures="0" tests="1" name="CheckoutpageTestcases.TC_304_Check_street_address2_not_accept_more_than_200charc" time="23.796" errors="0" timestamp="2023-11-14T20:08:04 IST" skipped="0">
  <testcase classname="CheckoutpageTestcases.TC_304_Check_street_address2_not_accept_more_than_200charc" name="check_street_add_line2_not_accept_more_than_200charac" time="23.796"/>
</testsuite> <!-- CheckoutpageTestcases.TC_304_Check_street_address2_not_accept_more_than_200charc -->
