<?xml version="1.0" encoding="UTF-8"?>
<!-- Generated by org.testng.reporters.JUnitReportReporter -->
<testsuite hostname="LAPTOP-CGUJBJB4" failures="0" tests="1" name="PDPpagetTestcases.TC_181_Check_own_colors_core_displays_color_name_left_side_when_mousehover" time="10.741" errors="0" timestamp="2023-10-09T19:09:04 IST" skipped="0">
  <testcase classname="PDPpagetTestcases.TC_181_Check_own_colors_core_displays_color_name_left_side_when_mousehover" name="check_core_colors_displays_displays_when_mousehover_leftside" time="10.741"/>
</testsuite> <!-- PDPpagetTestcases.TC_181_Check_own_colors_core_displays_color_name_left_side_when_mousehover -->
