<?xml version="1.0" encoding="UTF-8"?>
<!-- Generated by org.testng.reporters.JUnitReportReporter -->
<testsuite hostname="LAPTOP-CGUJBJB4" failures="0" tests="1" name="MyaccountTestcases.TC_336_Check_my_acct_when_selected_both_change_email_password_with_save" time="6.607" errors="0" timestamp="2023-11-29T19:22:45 IST" skipped="0">
  <testcase classname="MyaccountTestcases.TC_336_Check_my_acct_when_selected_both_change_email_password_with_save" name="checkout_my_acct_change_email_password_save_displays" time="6.607"/>
</testsuite> <!-- MyaccountTestcases.TC_336_Check_my_acct_when_selected_both_change_email_password_with_save -->
