<?xml version="1.0" encoding="UTF-8"?>
<!-- Generated by org.testng.reporters.JUnitReportReporter -->
<testsuite hostname="LAPTOP-CGUJBJB4" failures="0" tests="1" name="CheckoutpageTestcases.TC_302_Check_street_address_accept_alphanumeric" time="24.163" errors="0" timestamp="2023-11-14T19:36:56 IST" skipped="0">
  <testcase classname="CheckoutpageTestcases.TC_302_Check_street_address_accept_alphanumeric" name="check_street_address_accept_alphanumeric" time="24.163"/>
</testsuite> <!-- CheckoutpageTestcases.TC_302_Check_street_address_accept_alphanumeric -->
