<?xml version="1.0" encoding="UTF-8"?>
<!-- Generated by org.testng.reporters.JUnitReportReporter -->
<testsuite hostname="LAPTOP-CGUJBJB4" failures="0" tests="1" name="CheckoutpageTestcases.TC_314_Check_zipcode_accept_upto_10chara" time="21.829" errors="0" timestamp="2023-11-16T21:55:18 IST" skipped="0">
  <testcase classname="CheckoutpageTestcases.TC_314_Check_zipcode_accept_upto_10chara" name="check_zipcode_accept_upto_10chara_verify_msg" time="21.829"/>
</testsuite> <!-- CheckoutpageTestcases.TC_314_Check_zipcode_accept_upto_10chara -->
