<?xml version="1.0" encoding="UTF-8"?>
<!-- Generated by org.testng.reporters.JUnitReportReporter -->
<testsuite hostname="LAPTOP-CGUJBJB4" failures="0" tests="1" name="MyaccountTestcases.TC_341_Check_my_acct_change_email_enter_valid_email" time="8.462" errors="0" timestamp="2023-12-01T18:54:57 IST" skipped="0">
  <testcase classname="MyaccountTestcases.TC_341_Check_my_acct_change_email_enter_valid_email" name="Check_my_acct_change_email_enter_valid_email" time="8.462"/>
</testsuite> <!-- MyaccountTestcases.TC_341_Check_my_acct_change_email_enter_valid_email -->
