<?xml version="1.0" encoding="UTF-8"?>
<!-- Generated by org.testng.reporters.JUnitReportReporter -->
<testsuite hostname="LAPTOP-CGUJBJB4" failures="0" tests="1" name="CheckoutpageTestcases.TC_286_Check_shipping_address_phonenumber_country_code_dropdown" time="22.325" errors="0" timestamp="2023-11-09T18:19:47 IST" skipped="0">
  <testcase classname="CheckoutpageTestcases.TC_286_Check_shipping_address_phonenumber_country_code_dropdown" name="check_phonenumber_country_code_dropdown" time="22.325"/>
</testsuite> <!-- CheckoutpageTestcases.TC_286_Check_shipping_address_phonenumber_country_code_dropdown -->
