<?xml version="1.0" encoding="UTF-8"?>
<!-- Generated by org.testng.reporters.JUnitReportReporter -->
<testsuite hostname="LAPTOP-CGUJBJB4" failures="0" tests="1" name="PDPpagetTestcases.TC_185_Check_own_colors_pastel_displays_color_name_left_side_when_mousehover" time="13.398" errors="0" timestamp="2023-10-10T17:29:17 IST" skipped="0">
  <testcase classname="PDPpagetTestcases.TC_185_Check_own_colors_pastel_displays_color_name_left_side_when_mousehover" name="check_core_colors_displays_on_leftside_when_mousehover" time="13.398"/>
</testsuite> <!-- PDPpagetTestcases.TC_185_Check_own_colors_pastel_displays_color_name_left_side_when_mousehover -->
