<?xml version="1.0" encoding="UTF-8"?>
<!-- Generated by org.testng.reporters.JUnitReportReporter -->
<testsuite hostname="LAPTOP-CGUJBJB4" failures="0" tests="1" name="PDPpagetTestcases.TC_233_Check_PDP_bottom_share_link" time="9.418" errors="0" timestamp="2023-10-25T17:50:11 IST" skipped="0">
  <testcase classname="PDPpagetTestcases.TC_233_Check_PDP_bottom_share_link" name="check_signin_addto_cart_functionality" time="9.418"/>
</testsuite> <!-- PDPpagetTestcases.TC_233_Check_PDP_bottom_share_link -->
