<?xml version="1.0" encoding="UTF-8"?>
<!-- Generated by org.testng.reporters.JUnitReportReporter -->
<testsuite hostname="LAPTOP-CGUJBJB4" failures="0" tests="1" name="PDPpagetTestcases.TC_218_Check_PDP_top_bar_share_link" time="24.362" errors="0" timestamp="2023-10-20T17:26:53 IST" skipped="0">
  <testcase classname="PDPpagetTestcases.TC_218_Check_PDP_top_bar_share_link" name="check_topbar_share_link" time="24.362"/>
</testsuite> <!-- PDPpagetTestcases.TC_218_Check_PDP_top_bar_share_link -->
