<?xml version="1.0" encoding="UTF-8"?>
<!-- Generated by org.testng.reporters.JUnitReportReporter -->
<testsuite hostname="LAPTOP-CGUJBJB4" failures="0" tests="1" name="CheckoutpageTestcases.TC_280_Check_lastname_accept_upto_20char_verify_msg_ship_add" time="21.990" errors="0" timestamp="2023-11-08T19:40:18 IST" skipped="0">
  <testcase classname="CheckoutpageTestcases.TC_280_Check_lastname_accept_upto_20char_verify_msg_ship_add" name="check_last_name_upto_20_characters_verify_msg" time="21.990"/>
</testsuite> <!-- CheckoutpageTestcases.TC_280_Check_lastname_accept_upto_20char_verify_msg_ship_add -->
