<?xml version="1.0" encoding="UTF-8"?>
<!-- Generated by org.testng.reporters.JUnitReportReporter -->
<testsuite hostname="LAPTOP-CGUJBJB4" failures="0" tests="1" name="PDPpagetTestcases.TC_169_Check_when_rugtype_changed_colors_remain_same" time="9.848" errors="0" timestamp="2023-10-04T19:17:18 IST" skipped="0">
  <testcase classname="PDPpagetTestcases.TC_169_Check_when_rugtype_changed_colors_remain_same" name="check_material_changed_colors_remain_same" time="9.848"/>
</testsuite> <!-- PDPpagetTestcases.TC_169_Check_when_rugtype_changed_colors_remain_same -->
