<?xml version="1.0" encoding="UTF-8"?>
<!-- Generated by org.testng.reporters.JUnitReportReporter -->
<testsuite hostname="LAPTOP-CGUJBJB4" failures="0" tests="1" name="PDPpagetTestcases.TC_236_Check_PDP_bottom_share_close_button" time="9.371" errors="0" timestamp="2023-10-25T19:41:15 IST" skipped="0">
  <testcase classname="PDPpagetTestcases.TC_236_Check_PDP_bottom_share_close_button" name="check_close_button_functionality_in_share" time="9.371"/>
</testsuite> <!-- PDPpagetTestcases.TC_236_Check_PDP_bottom_share_close_button -->
