<?xml version="1.0" encoding="UTF-8"?>
<!-- Generated by org.testng.reporters.JUnitReportReporter -->
<testsuite hostname="LAPTOP-CGUJBJB4" failures="0" tests="1" name="CheckoutpageTestcases.TC_289_Check_shipping_address_phonenumber_not_accept_special_charac_verify_msg" time="27.546" errors="0" timestamp="2023-11-09T19:26:01 IST" skipped="0">
  <testcase classname="CheckoutpageTestcases.TC_289_Check_shipping_address_phonenumber_not_accept_special_charac_verify_msg" name="check_phonenumber_country_code_dropdown_search" time="27.546"/>
</testsuite> <!-- CheckoutpageTestcases.TC_289_Check_shipping_address_phonenumber_not_accept_special_charac_verify_msg -->
