<?xml version="1.0" encoding="UTF-8"?>
<!-- Generated by org.testng.reporters.JUnitReportReporter -->
<testsuite hostname="LAPTOP-CGUJBJB4" failures="0" tests="1" name="Ordersample_SectionTestcases.TC_162_Check_order_samples_12inches_feet_increases" time="7.618" errors="0" timestamp="2023-10-03T17:20:19 IST" skipped="0">
  <testcase classname="Ordersample_SectionTestcases.TC_162_Check_order_samples_12inches_feet_increases" name="ifinches_equals_12_feet_increases" time="7.618"/>
</testsuite> <!-- Ordersample_SectionTestcases.TC_162_Check_order_samples_12inches_feet_increases -->
