<?xml version="1.0" encoding="UTF-8"?>
<!-- Generated by org.testng.reporters.JUnitReportReporter -->
<testsuite hostname="LAPTOP-CGUJBJB4" failures="0" tests="1" name="PDPpagetTestcases.TC_220_Check_PDP_top_bar_in_share_copy_button_functionality" time="10.991" errors="0" timestamp="2023-10-20T20:07:18 IST" skipped="0">
  <testcase classname="PDPpagetTestcases.TC_220_Check_PDP_top_bar_in_share_copy_button_functionality" name="check_topbar_share_link" time="10.991"/>
</testsuite> <!-- PDPpagetTestcases.TC_220_Check_PDP_top_bar_in_share_copy_button_functionality -->
