<?xml version="1.0" encoding="UTF-8"?>
<!-- Generated by org.testng.reporters.JUnitReportReporter -->
<testsuite hostname="LAPTOP-CGUJBJB4" failures="0" tests="1" name="PDPpagetTestcases.TC_207_Check_pile_height_changes_pile_weight_also_changes" time="19.638" errors="0" timestamp="2023-10-17T19:39:49 IST" skipped="0">
  <testcase classname="PDPpagetTestcases.TC_207_Check_pile_height_changes_pile_weight_also_changes" name="check_pile_height_change_pile_weight" time="19.638"/>
</testsuite> <!-- PDPpagetTestcases.TC_207_Check_pile_height_changes_pile_weight_also_changes -->
