<?xml version="1.0" encoding="UTF-8"?>
<!-- Generated by org.testng.reporters.JUnitReportReporter -->
<testsuite hostname="LAPTOP-CGUJBJB4" failures="0" tests="1" name="CheckoutpageTestcases.TC_315_Check_zipcode_not_accept_special_charac" time="22.760" errors="0" timestamp="2023-11-16T22:09:36 IST" skipped="0">
  <testcase classname="CheckoutpageTestcases.TC_315_Check_zipcode_not_accept_special_charac" name="check_zipcode_not_accept_special_charac" time="22.760"/>
</testsuite> <!-- CheckoutpageTestcases.TC_315_Check_zipcode_not_accept_special_charac -->
