<?xml version="1.0" encoding="UTF-8"?>
<!-- Generated by org.testng.reporters.JUnitReportReporter -->
<testsuite hostname="LAPTOP-CGUJBJB4" failures="0" tests="1" name="CheckoutpageTestcases.TC_309_Check_city_not_accept_speical_charac" time="26.710" errors="0" timestamp="2023-11-15T20:08:04 IST" skipped="0">
  <testcase classname="CheckoutpageTestcases.TC_309_Check_city_not_accept_speical_charac" name="check_city_not_accept_speical_chara" time="26.710"/>
</testsuite> <!-- CheckoutpageTestcases.TC_309_Check_city_not_accept_speical_charac -->
