<?xml version="1.0" encoding="UTF-8"?>
<!-- Generated by org.testng.reporters.JUnitReportReporter -->
<testsuite hostname="LAPTOP-CGUJBJB4" failures="0" tests="1" name="PDPpagetTestcases.TC_187_Check_search_functionality_pastel_colors_in_own_colors" time="10.143" errors="0" timestamp="2023-10-10T18:07:43 IST" skipped="0">
  <testcase classname="PDPpagetTestcases.TC_187_Check_search_functionality_pastel_colors_in_own_colors" name="check_core_colors_displays_on_leftside_when_mousehover" time="10.143"/>
</testsuite> <!-- PDPpagetTestcases.TC_187_Check_search_functionality_pastel_colors_in_own_colors -->
