<?xml version="1.0" encoding="UTF-8"?>
<!-- Generated by org.testng.reporters.JUnitReportReporter -->
<testsuite hostname="LAPTOP-CGUJBJB4" failures="0" tests="1" name="PDPpagetTestcases.TC_246_Check_wishlist_link_verify" time="13.469" errors="0" timestamp="2023-10-27T17:25:52 IST" skipped="0">
  <testcase classname="PDPpagetTestcases.TC_246_Check_wishlist_link_verify" name="check_wishlist_link" time="13.469"/>
</testsuite> <!-- PDPpagetTestcases.TC_246_Check_wishlist_link_verify -->
