<?xml version="1.0" encoding="UTF-8"?>
<!-- Generated by org.testng.reporters.JUnitReportReporter -->
<testsuite hostname="LAPTOP-CGUJBJB4" failures="0" tests="1" name="PDPpagetTestcases.TC_192_Check_starting_price_changes_when_rugmaterial_changes" time="28.885" errors="0" timestamp="2023-10-11T18:41:55 IST" skipped="0">
  <testcase classname="PDPpagetTestcases.TC_192_Check_starting_price_changes_when_rugmaterial_changes" name="check_starting_price_changes" time="28.885"/>
</testsuite> <!-- PDPpagetTestcases.TC_192_Check_starting_price_changes_when_rugmaterial_changes -->
