<?xml version="1.0" encoding="UTF-8"?>
<!-- Generated by org.testng.reporters.JUnitReportReporter -->
<testsuite hostname="LAPTOP-CGUJBJB4" failures="0" tests="1" name="PDPpagetTestcases.TC_241_Check_stain_protection_price_changes_when_rugtype_changed" time="22.149" errors="0" timestamp="2023-10-26T19:54:34 IST" skipped="0">
  <testcase classname="PDPpagetTestcases.TC_241_Check_stain_protection_price_changes_when_rugtype_changed" name="check_small_rug_price" time="22.149"/>
</testsuite> <!-- PDPpagetTestcases.TC_241_Check_stain_protection_price_changes_when_rugtype_changed -->
