<?xml version="1.0" encoding="UTF-8"?>
<!-- Generated by org.testng.reporters.JUnitReportReporter -->
<testsuite hostname="LAPTOP-CGUJBJB4" failures="0" tests="1" name="PDPpagetTestcases.TC_238_Check_small_rug_price_topbar_and_bottom" time="11.220" errors="0" timestamp="2023-10-25T20:34:33 IST" skipped="0">
  <testcase classname="PDPpagetTestcases.TC_238_Check_small_rug_price_topbar_and_bottom" name="check_small_rug_price" time="11.220"/>
</testsuite> <!-- PDPpagetTestcases.TC_238_Check_small_rug_price_topbar_and_bottom -->
