<?xml version="1.0" encoding="UTF-8"?>
<!-- Generated by org.testng.reporters.JUnitReportReporter -->
<testsuite hostname="LAPTOP-CGUJBJB4" failures="0" tests="1" name="PDPpagetTestcases.TC_166_Check_PDP_should_open_whichever_design_selected" time="19.331" errors="0" timestamp="2023-10-04T17:09:56 IST" skipped="0">
  <testcase classname="PDPpagetTestcases.TC_166_Check_PDP_should_open_whichever_design_selected" name="checkpdpshouldopen_whichever_design_selected" time="19.331"/>
</testsuite> <!-- PDPpagetTestcases.TC_166_Check_PDP_should_open_whichever_design_selected -->
