<?xml version="1.0" encoding="UTF-8"?>
<!-- Generated by org.testng.reporters.JUnitReportReporter -->
<testsuite hostname="LAPTOP-CGUJBJB4" failures="0" tests="1" name="headertestcases.TC_090_Check_Wishlist_link" time="1.168" errors="0" timestamp="2023-10-27T18:16:07 IST" skipped="0">
  <testcase classname="headertestcases.TC_090_Check_Wishlist_link" name="check_wishlist_link_Test" time="1.168"/>
</testsuite> <!-- headertestcases.TC_090_Check_Wishlist_link -->
