<?xml version="1.0" encoding="UTF-8"?>
<!-- Generated by org.testng.reporters.JUnitReportReporter -->
<testsuite hostname="LAPTOP-CGUJBJB4" failures="0" tests="1" name="PDPpagetTestcases.TC_174_Check_flatweave_rugtype_default_rug_material_displays" time="9.310" errors="0" timestamp="2023-10-06T17:08:19 IST" skipped="0">
  <testcase classname="PDPpagetTestcases.TC_174_Check_flatweave_rugtype_default_rug_material_displays" name="checkhandknottedrugtype_default_materials" time="9.310"/>
</testsuite> <!-- PDPpagetTestcases.TC_174_Check_flatweave_rugtype_default_rug_material_displays -->
