<?xml version="1.0" encoding="UTF-8"?>
<!-- Generated by org.testng.reporters.JUnitReportReporter -->
<testsuite hostname="LAPTOP-CGUJBJB4" failures="0" tests="1" name="CheckoutpageTestcases.TC_296_Check_shipping_address_comp_name_not_accept_digits" time="26.091" errors="0" timestamp="2023-11-10T20:37:08 IST" skipped="0">
  <testcase classname="CheckoutpageTestcases.TC_296_Check_shipping_address_comp_name_not_accept_digits" name="check_shipping_add_company_name_not_accept_digits_verify_msg" time="26.091"/>
</testsuite> <!-- CheckoutpageTestcases.TC_296_Check_shipping_address_comp_name_not_accept_digits -->
