<?xml version="1.0" encoding="UTF-8"?>
<!-- Generated by org.testng.reporters.JUnitReportReporter -->
<testsuite hostname="LAPTOP-CGUJBJB4" failures="0" tests="1" name="CheckoutpageTestcases.TC_287_Check_shipping_address_phonenumber_country_code_search_from_dropdown" time="28.414" errors="0" timestamp="2023-11-09T18:52:50 IST" skipped="0">
  <testcase classname="CheckoutpageTestcases.TC_287_Check_shipping_address_phonenumber_country_code_search_from_dropdown" name="check_phonenumber_country_code_dropdown_search" time="28.414"/>
</testsuite> <!-- CheckoutpageTestcases.TC_287_Check_shipping_address_phonenumber_country_code_search_from_dropdown -->
