<?xml version="1.0" encoding="UTF-8"?>
<!-- Generated by org.testng.reporters.JUnitReportReporter -->
<testsuite hostname="LAPTOP-CGUJBJB4" failures="0" tests="1" name="PDPpagetTestcases.TC_176_Check_delivery_time_when_rug_type_changed" time="39.907" errors="0" timestamp="2023-10-06T19:06:53 IST" skipped="0">
  <testcase classname="PDPpagetTestcases.TC_176_Check_delivery_time_when_rug_type_changed" name="check_delivery_time_when_rugtype_changed" time="39.907"/>
</testsuite> <!-- PDPpagetTestcases.TC_176_Check_delivery_time_when_rug_type_changed -->
