<?xml version="1.0" encoding="UTF-8"?>
<!-- Generated by org.testng.reporters.JUnitReportReporter -->
<testsuite hostname="LAPTOP-CGUJBJB4" failures="0" tests="1" name="MyaccountTestcases.TC_339_Check_my_acct_change_password_left_blank_verify_errormsg" time="6.621" errors="0" timestamp="2023-11-30T22:08:11 IST" skipped="0">
  <testcase classname="MyaccountTestcases.TC_339_Check_my_acct_change_password_left_blank_verify_errormsg" name="check_my_acct_change_password_left_blank" time="6.621"/>
</testsuite> <!-- MyaccountTestcases.TC_339_Check_my_acct_change_password_left_blank_verify_errormsg -->
