<?xml version="1.0" encoding="UTF-8"?>
<!-- Generated by org.testng.reporters.JUnitReportReporter -->
<testsuite hostname="LAPTOP-CGUJBJB4" failures="0" tests="1" name="CheckoutpageTestcases.TC_312_Check_city_left_blank_verify_error_msg" time="21.493" errors="0" timestamp="2023-11-16T19:45:20 IST" skipped="0">
  <testcase classname="CheckoutpageTestcases.TC_312_Check_city_left_blank_verify_error_msg" name="check_city_left_blank_verify_msg" time="21.493"/>
</testsuite> <!-- CheckoutpageTestcases.TC_312_Check_city_left_blank_verify_error_msg -->
