<?xml version="1.0" encoding="UTF-8"?>
<!-- Generated by org.testng.reporters.JUnitReportReporter -->
<testsuite hostname="LAPTOP-CGUJBJB4" failures="0" tests="1" name="CheckoutpageTestcases.TC_326_Check_checkout_page_displays_shipping_charge" time="19.868" errors="0" timestamp="2023-11-27T18:16:48 IST" skipped="0">
  <testcase classname="CheckoutpageTestcases.TC_326_Check_checkout_page_displays_shipping_charge" name="checkout_pg_displays_shipping_charges" time="19.868"/>
</testsuite> <!-- CheckoutpageTestcases.TC_326_Check_checkout_page_displays_shipping_charge -->
