<?xml version="1.0" encoding="UTF-8"?>
<!-- Generated by org.testng.reporters.JUnitReportReporter -->
<testsuite hostname="LAPTOP-CGUJBJB4" failures="0" tests="1" name="Shopping_cartTestcases.TC_255_Check_able_to_add_remove_stain_protection_cart" time="26.442" errors="0" timestamp="2023-11-03T18:14:45 IST" skipped="0">
  <testcase classname="Shopping_cartTestcases.TC_255_Check_able_to_add_remove_stain_protection_cart" name="check_add_remove_stain_protection" time="26.442"/>
</testsuite> <!-- Shopping_cartTestcases.TC_255_Check_able_to_add_remove_stain_protection_cart -->
