<?xml version="1.0" encoding="UTF-8"?>
<!-- Generated by org.testng.reporters.JUnitReportReporter -->
<testsuite hostname="LAPTOP-CGUJBJB4" failures="0" tests="1" name="PDPpagetTestcases.TC_164_Check_default_price" time="5.545" errors="0" timestamp="2023-10-03T18:41:12 IST" skipped="0">
  <testcase classname="PDPpagetTestcases.TC_164_Check_default_price" name="check_defaultrugprice" time="5.545"/>
</testsuite> <!-- PDPpagetTestcases.TC_164_Check_default_price -->
