<?xml version="1.0" encoding="UTF-8"?>
<!-- Generated by org.testng.reporters.JUnitReportReporter -->
<testsuite hostname="LAPTOP-CGUJBJB4" failures="0" tests="1" name="CheckoutpageTestcases.TC_299_Check_shipping_address_comp_name_accept_alphabets" time="24.482" errors="0" timestamp="2023-11-14T18:06:32 IST" skipped="0">
  <testcase classname="CheckoutpageTestcases.TC_299_Check_shipping_address_comp_name_accept_alphabets" name="check_shipping_add_company_name_accept_speical_charc" time="24.482"/>
</testsuite> <!-- CheckoutpageTestcases.TC_299_Check_shipping_address_comp_name_accept_alphabets -->
