<?xml version="1.0" encoding="UTF-8"?>
<!-- Generated by org.testng.reporters.JUnitReportReporter -->
<testsuite hostname="LAPTOP-CGUJBJB4" failures="0" tests="1" name="PDPpagetTestcases.TC_204_Check_pile_height_changed_price_changes" time="31.032" errors="0" timestamp="2023-10-16T20:10:08 IST" skipped="0">
  <testcase classname="PDPpagetTestcases.TC_204_Check_pile_height_changed_price_changes" name="check_enter_different_values_ft_cm_verify_price" time="31.032"/>
</testsuite> <!-- PDPpagetTestcases.TC_204_Check_pile_height_changed_price_changes -->
