<?xml version="1.0" encoding="UTF-8"?>
<!-- Generated by org.testng.reporters.JUnitReportReporter -->
<testsuite hostname="LAPTOP-CGUJBJB4" failures="0" tests="1" name="PDPpagetTestcases.TC_242_Check_stain_protection_price_changes_when_rugmaterial_changed" time="19.644" errors="0" timestamp="2023-10-26T20:16:16 IST" skipped="0">
  <testcase classname="PDPpagetTestcases.TC_242_Check_stain_protection_price_changes_when_rugmaterial_changed" name="check_stain_protection_price_when_rugmaterial_changes" time="19.644"/>
</testsuite> <!-- PDPpagetTestcases.TC_242_Check_stain_protection_price_changes_when_rugmaterial_changed -->
