<?xml version="1.0" encoding="UTF-8"?>
<!-- Generated by org.testng.reporters.JUnitReportReporter -->
<testsuite hostname="LAPTOP-CGUJBJB4" failures="0" tests="1" name="Shopping_cartTestcases.TC_262_Check_checkout_displays_in_cart" time="18.318" errors="0" timestamp="2023-11-06T18:20:46 IST" skipped="0">
  <testcase classname="Shopping_cartTestcases.TC_262_Check_checkout_displays_in_cart" name="check_checkout_displays_cart_top_bottom" time="18.318"/>
</testsuite> <!-- Shopping_cartTestcases.TC_262_Check_checkout_displays_in_cart -->
