<?xml version="1.0" encoding="UTF-8"?>
<!-- Generated by org.testng.reporters.JUnitReportReporter -->
<testsuite hostname="LAPTOP-CGUJBJB4" failures="0" tests="1" name="MyaccountTestcases.TC_345_Check_my_acct_last_name_not_accept_numeric_special_chara_verifymsg" time="7.562" errors="0" timestamp="2023-12-01T21:49:27 IST" skipped="0">
  <testcase classname="MyaccountTestcases.TC_345_Check_my_acct_last_name_not_accept_numeric_special_chara_verifymsg" name="Check_my_acct_first_name_left_blank_verify_error_msg" time="7.562"/>
</testsuite> <!-- MyaccountTestcases.TC_345_Check_my_acct_last_name_not_accept_numeric_special_chara_verifymsg -->
