<?xml version="1.0" encoding="UTF-8"?>
<!-- Generated by org.testng.reporters.JUnitReportReporter -->
<testsuite hostname="LAPTOP-CGUJBJB4" failures="0" tests="1" name="PDPpagetTestcases.TC_247_Check_wishlist_functionality_with_login_verify" time="19.524" errors="0" timestamp="2023-10-27T18:37:22 IST" skipped="0">
  <testcase classname="PDPpagetTestcases.TC_247_Check_wishlist_functionality_with_login_verify" name="check_wishlist_functionality_login_verify" time="19.524"/>
</testsuite> <!-- PDPpagetTestcases.TC_247_Check_wishlist_functionality_with_login_verify -->
