<?xml version="1.0" encoding="UTF-8"?>
<!-- Generated by org.testng.reporters.JUnitReportReporter -->
<testsuite hostname="LAPTOP-CGUJBJB4" failures="0" tests="1" name="PDPpagetTestcases.TC_193_Check_rug_price_changes_when_rugmaterial_changes" time="30.967" errors="0" timestamp="2023-10-11T19:22:57 IST" skipped="0">
  <testcase classname="PDPpagetTestcases.TC_193_Check_rug_price_changes_when_rugmaterial_changes" name="check_rug_price_changes" time="30.967"/>
</testsuite> <!-- PDPpagetTestcases.TC_193_Check_rug_price_changes_when_rugmaterial_changes -->
