<?xml version="1.0" encoding="UTF-8"?>
<!-- Generated by org.testng.reporters.JUnitReportReporter -->
<testsuite hostname="LAPTOP-CGUJBJB4" failures="0" tests="1" name="PDPpagetTestcases.TC_206_Check_knot_density_changes_pile_weight_also_changes" time="17.860" errors="0" timestamp="2023-10-17T19:05:19 IST" skipped="0">
  <testcase classname="PDPpagetTestcases.TC_206_Check_knot_density_changes_pile_weight_also_changes" name="check_knot_density_changes_pile_weight" time="17.860"/>
</testsuite> <!-- PDPpagetTestcases.TC_206_Check_knot_density_changes_pile_weight_also_changes -->
