<?xml version="1.0" encoding="UTF-8"?>
<!-- Generated by org.testng.reporters.JUnitReportReporter -->
<testsuite hostname="LAPTOP-CGUJBJB4" failures="0" tests="1" name="Shopping_cartTestcases.TC_267_Check_Continue_shopping_upperleft_directs_home_page" time="18.900" errors="0" timestamp="2023-11-06T21:22:55 IST" skipped="0">
  <testcase classname="Shopping_cartTestcases.TC_267_Check_Continue_shopping_upperleft_directs_home_page" name="check_continue_shopping_directs_Collection" time="18.900"/>
</testsuite> <!-- Shopping_cartTestcases.TC_267_Check_Continue_shopping_upperleft_directs_home_page -->
