<?xml version="1.0" encoding="UTF-8"?>
<!-- Generated by org.testng.reporters.JUnitReportReporter -->
<testsuite hostname="LAPTOP-CGUJBJB4" failures="0" tests="1" name="PDPpagetTestcases.TC_217_Check_PDP_top_bar_order_sample_link" time="129.405" errors="0" timestamp="2023-10-20T17:09:10 IST" skipped="0">
  <testcase classname="PDPpagetTestcases.TC_217_Check_PDP_top_bar_order_sample_link" name="check_topbar_order_sample_link" time="129.405"/>
</testsuite> <!-- PDPpagetTestcases.TC_217_Check_PDP_top_bar_order_sample_link -->
