<?xml version="1.0" encoding="UTF-8"?>
<!-- Generated by org.testng.reporters.JUnitReportReporter -->
<testsuite hostname="LAPTOP-CGUJBJB4" failures="0" tests="1" name="homepagetestcases.TC_011_Check_whether_ableto_mousehover_Discover" time="1.272" errors="0" timestamp="2023-12-01T14:29:04 IST" skipped="0">
  <testcase classname="homepagetestcases.TC_011_Check_whether_ableto_mousehover_Discover" name="check_whetherable_mouseover_Discover_Test" time="1.272"/>
</testsuite> <!-- homepagetestcases.TC_011_Check_whether_ableto_mousehover_Discover -->
