<?xml version="1.0" encoding="UTF-8"?>
<!-- Generated by org.testng.reporters.JUnitReportReporter -->
<testsuite hostname="LAPTOP-CGUJBJB4" failures="0" tests="1" name="PDPpagetTestcases.TC_194_Check_rug_material_change_not_effect_shape_color" time="9.529" errors="0" timestamp="2023-10-11T20:17:49 IST" skipped="0">
  <testcase classname="PDPpagetTestcases.TC_194_Check_rug_material_change_not_effect_shape_color" name="check_rug_material_changes_not_effect_shape_colors" time="9.529"/>
</testsuite> <!-- PDPpagetTestcases.TC_194_Check_rug_material_change_not_effect_shape_color -->
