<?xml version="1.0" encoding="UTF-8"?>
<!-- Generated by org.testng.reporters.JUnitReportReporter -->
<testsuite hostname="LAPTOP-CGUJBJB4" failures="0" tests="1" name="CheckoutpageTestcases.TC_301_Check_street_address_displays_msg_left_blank" time="23.361" errors="0" timestamp="2023-11-14T19:25:28 IST" skipped="0">
  <testcase classname="CheckoutpageTestcases.TC_301_Check_street_address_displays_msg_left_blank" name="check_street_add_not_accept_more_than_200charac" time="23.361"/>
</testsuite> <!-- CheckoutpageTestcases.TC_301_Check_street_address_displays_msg_left_blank -->
