<?xml version="1.0" encoding="UTF-8"?>
<!-- Generated by org.testng.reporters.JUnitReportReporter -->
<testsuite hostname="LAPTOP-CGUJBJB4" failures="0" tests="1" name="CheckoutpageTestcases.TC_300_Check_street_address_not_accept_more_than_200charc" time="25.754" errors="0" timestamp="2023-11-14T19:14:48 IST" skipped="0">
  <testcase classname="CheckoutpageTestcases.TC_300_Check_street_address_not_accept_more_than_200charc" name="check_street_add_not_accept_more_than_200charac" time="25.754"/>
</testsuite> <!-- CheckoutpageTestcases.TC_300_Check_street_address_not_accept_more_than_200charc -->
