<?xml version="1.0" encoding="UTF-8"?>
<!-- Generated by org.testng.reporters.JUnitReportReporter -->
<testsuite hostname="LAPTOP-CGUJBJB4" failures="0" tests="1" name="PDPpagetTestcases.TC_188_Check_scroll_core_pastel_colors" time="12.701" errors="0" timestamp="2023-10-10T19:14:20 IST" skipped="0">
  <testcase classname="PDPpagetTestcases.TC_188_Check_scroll_core_pastel_colors" name="check_scroll_core_pastel_colors" time="12.701"/>
</testsuite> <!-- PDPpagetTestcases.TC_188_Check_scroll_core_pastel_colors -->
