<?xml version="1.0" encoding="UTF-8"?>
<!-- Generated by org.testng.reporters.JUnitReportReporter -->
<testsuite hostname="LAPTOP-CGUJBJB4" failures="0" tests="1" name="PDPpagetTestcases.TC_177_Check_default_pileheight_knotDensity_be_low" time="17.385" errors="0" timestamp="2023-10-09T15:56:27 IST" skipped="0">
  <testcase classname="PDPpagetTestcases.TC_177_Check_default_pileheight_knotDensity_be_low" name="check_default_pileheight_knotdensity" time="17.385"/>
</testsuite> <!-- PDPpagetTestcases.TC_177_Check_default_pileheight_knotDensity_be_low -->
