<?xml version="1.0" encoding="UTF-8"?>
<!-- Generated by org.testng.reporters.JUnitReportReporter -->
<testsuite hostname="LAPTOP-CGUJBJB4" failures="0" tests="1" name="CheckoutpageTestcases.TC_285_Check_shipping_address_phonenumber_display_validation_msg_left_blank" time="17.781" errors="0" timestamp="2023-11-08T20:20:11 IST" skipped="0">
  <testcase classname="CheckoutpageTestcases.TC_285_Check_shipping_address_phonenumber_display_validation_msg_left_blank" name="check_phonenumber_blank_msg_shipping_address" time="17.781"/>
</testsuite> <!-- CheckoutpageTestcases.TC_285_Check_shipping_address_phonenumber_display_validation_msg_left_blank -->
