<?xml version="1.0" encoding="UTF-8"?>
<!-- Generated by org.testng.reporters.JUnitReportReporter -->
<testsuite hostname="LAPTOP-CGUJBJB4" failures="0" tests="1" name="headertestcases.TC_001_Check_Signin_link" time="4.140" errors="0" timestamp="2023-10-19T21:43:12 IST" skipped="0">
  <testcase classname="headertestcases.TC_001_Check_Signin_link" name="Check_Signin_link_Test" time="4.140"/>
</testsuite> <!-- headertestcases.TC_001_Check_Signin_link -->
