<?xml version="1.0" encoding="UTF-8"?>
<!-- Generated by org.testng.reporters.JUnitReportReporter -->
<testsuite hostname="LAPTOP-CGUJBJB4" failures="0" tests="1" name="CheckoutpageTestcases.TC_295_Check_shipping_address_company_name" time="24.019" errors="0" timestamp="2023-11-10T20:27:55 IST" skipped="0">
  <testcase classname="CheckoutpageTestcases.TC_295_Check_shipping_address_company_name" name="check_shipping_add_company_name_acceptupto_30charac_verify_msg" time="24.019"/>
</testsuite> <!-- CheckoutpageTestcases.TC_295_Check_shipping_address_company_name -->
