<?xml version="1.0" encoding="UTF-8"?>
<!-- Generated by org.testng.reporters.JUnitReportReporter -->
<testsuite hostname="LAPTOP-CGUJBJB4" failures="0" tests="1" name="CheckoutpageTestcases.TC_272_Check_checkout_page_displays_required_fields" time="18.044" errors="0" timestamp="2023-11-07T20:41:26 IST" skipped="0">
  <testcase classname="CheckoutpageTestcases.TC_272_Check_checkout_page_displays_required_fields" name="check_proceed_checkout_displays" time="18.044"/>
</testsuite> <!-- CheckoutpageTestcases.TC_272_Check_checkout_page_displays_required_fields -->
