<?xml version="1.0" encoding="UTF-8"?>
<!-- Generated by org.testng.reporters.JUnitReportReporter -->
<testsuite hostname="LAPTOP-CGUJBJB4" failures="0" tests="1" name="PDPpagetTestcases.TC_202_Check_enter_different_values_feet_verify_price_change" time="22.093" errors="0" timestamp="2023-10-13T19:48:12 IST" skipped="0">
  <testcase classname="PDPpagetTestcases.TC_202_Check_enter_different_values_feet_verify_price_change" name="check_enter_differentvalues_ft_verify_price" time="22.093"/>
</testsuite> <!-- PDPpagetTestcases.TC_202_Check_enter_different_values_feet_verify_price_change -->
