<?xml version="1.0" encoding="UTF-8"?>
<!-- Generated by org.testng.reporters.JUnitReportReporter -->
<testsuite hostname="LAPTOP-CGUJBJB4" failures="0" tests="1" name="PDPpagetTestcases.TC_211_Check_decrease_Quantity_price_change" time="17.899" errors="0" timestamp="2023-10-18T19:12:52 IST" skipped="0">
  <testcase classname="PDPpagetTestcases.TC_211_Check_decrease_Quantity_price_change" name="check_price_change_quantity_decreased" time="17.899"/>
</testsuite> <!-- PDPpagetTestcases.TC_211_Check_decrease_Quantity_price_change -->
