<?xml version="1.0" encoding="UTF-8"?>
<!-- Generated by org.testng.reporters.JUnitReportReporter -->
<testsuite hostname="LAPTOP-CGUJBJB4" failures="0" tests="1" name="PDPpagetTestcases.TC_229_Check_addto_cart_without_login_pop_up_left_blank_error_msg" time="10.636" errors="0" timestamp="2023-10-23T19:24:08 IST" skipped="0">
  <testcase classname="PDPpagetTestcases.TC_229_Check_addto_cart_without_login_pop_up_left_blank_error_msg" name="check_addtocart_without_login_popup_left_blank" time="10.636"/>
</testsuite> <!-- PDPpagetTestcases.TC_229_Check_addto_cart_without_login_pop_up_left_blank_error_msg -->
