<?xml version="1.0" encoding="UTF-8"?>
<!-- Generated by org.testng.reporters.JUnitReportReporter -->
<testsuite hostname="LAPTOP-CGUJBJB4" failures="0" tests="1" name="MyaccountTestcases.TC_344_Check_my_acct_first_name_not_accept_numeric_special_chara_verifymsg" time="7.360" errors="0" timestamp="2023-12-01T20:37:25 IST" skipped="0">
  <testcase classname="MyaccountTestcases.TC_344_Check_my_acct_first_name_not_accept_numeric_special_chara_verifymsg" name="Check_my_acct_first_name_left_blank_verify_error_msg" time="7.360"/>
</testsuite> <!-- MyaccountTestcases.TC_344_Check_my_acct_first_name_not_accept_numeric_special_chara_verifymsg -->
