<?xml version="1.0" encoding="UTF-8"?>
<!-- Generated by org.testng.reporters.JUnitReportReporter -->
<testsuite hostname="LAPTOP-CGUJBJB4" failures="0" tests="1" name="PDPpagetTestcases.TC_234_Check_PDP_bottom_share_product_link" time="9.160" errors="0" timestamp="2023-10-25T19:04:04 IST" skipped="0">
  <testcase classname="PDPpagetTestcases.TC_234_Check_PDP_bottom_share_product_link" name="check_share_product_link" time="9.160"/>
</testsuite> <!-- PDPpagetTestcases.TC_234_Check_PDP_bottom_share_product_link -->
