<?xml version="1.0" encoding="UTF-8"?>
<!-- Generated by org.testng.reporters.JUnitReportReporter -->
<testsuite hostname="LAPTOP-CGUJBJB4" failures="0" tests="1" name="PDPpagetTestcases.TC_222_Check_PDP_top_bar_addtocart" time="19.875" errors="0" timestamp="2023-10-20T22:02:33 IST" skipped="0">
  <testcase classname="PDPpagetTestcases.TC_222_Check_PDP_top_bar_addtocart" name="check_topbar_share_link" time="19.875"/>
</testsuite> <!-- PDPpagetTestcases.TC_222_Check_PDP_top_bar_addtocart -->
