<?xml version="1.0" encoding="UTF-8"?>
<!-- Generated by org.testng.reporters.JUnitReportReporter -->
<testsuite hostname="LAPTOP-CGUJBJB4" failures="0" tests="1" name="PDPpagetTestcases.TC_213_Check_Quantity_not_change_when_color_shape_page_refreshed" time="22.704" errors="0" timestamp="2023-10-18T19:59:50 IST" skipped="0">
  <testcase classname="PDPpagetTestcases.TC_213_Check_Quantity_not_change_when_color_shape_page_refreshed" name="check_price_change_quantity_increased" time="22.704"/>
</testsuite> <!-- PDPpagetTestcases.TC_213_Check_Quantity_not_change_when_color_shape_page_refreshed -->
