<?xml version="1.0" encoding="UTF-8"?>
<!-- Generated by org.testng.reporters.JUnitReportReporter -->
<testsuite hostname="LAPTOP-CGUJBJB4" failures="0" tests="1" name="PDPpagetTestcases.TC_205_Check_knot_density_changed_price_changes" time="30.434" errors="0" timestamp="2023-10-16T20:35:43 IST" skipped="0">
  <testcase classname="PDPpagetTestcases.TC_205_Check_knot_density_changed_price_changes" name="check_enter_different_values_ft_cm_verify_price" time="30.434"/>
</testsuite> <!-- PDPpagetTestcases.TC_205_Check_knot_density_changed_price_changes -->
