<?xml version="1.0" encoding="UTF-8"?>
<!-- Generated by org.testng.reporters.JUnitReportReporter -->
<testsuite hostname="LAPTOP-CGUJBJB4" failures="0" tests="1" name="CheckoutpageTestcases.TC_306_Check_street_address_line2_accept_special_charac" time="24.182" errors="0" timestamp="2023-11-14T21:37:26 IST" skipped="0">
  <testcase classname="CheckoutpageTestcases.TC_306_Check_street_address_line2_accept_special_charac" name="check_street_add_line2_accept_special_charac" time="24.182"/>
</testsuite> <!-- CheckoutpageTestcases.TC_306_Check_street_address_line2_accept_special_charac -->
