<?xml version="1.0" encoding="UTF-8"?>
<!-- Generated by org.testng.reporters.JUnitReportReporter -->
<testsuite hostname="LAPTOP-CGUJBJB4" failures="0" tests="1" name="Shopping_cartTestcases.TC_266_Check_Continue_shopping_directs_Collection_page" time="21.554" errors="0" timestamp="2023-11-06T20:06:21 IST" skipped="0">
  <testcase classname="Shopping_cartTestcases.TC_266_Check_Continue_shopping_directs_Collection_page" name="check_continue_shopping_directs_Collection" time="21.554"/>
</testsuite> <!-- Shopping_cartTestcases.TC_266_Check_Continue_shopping_directs_Collection_page -->
