<?xml version="1.0" encoding="UTF-8"?>
<!-- Generated by org.testng.reporters.JUnitReportReporter -->
<testsuite hostname="LAPTOP-CGUJBJB4" failures="0" tests="1" name="homepagetestcases.TC_012_Check_bespoke_link_working_formdisplays" time="2.377" errors="0" timestamp="2023-12-01T14:29:04 IST" skipped="0">
  <testcase classname="homepagetestcases.TC_012_Check_bespoke_link_working_formdisplays" name="check_bespoke_link_working_formdisplays_Test" time="2.377"/>
</testsuite> <!-- homepagetestcases.TC_012_Check_bespoke_link_working_formdisplays -->
