<?xml version="1.0" encoding="UTF-8"?>
<!-- Generated by org.testng.reporters.JUnitReportReporter -->
<testsuite hostname="LAPTOP-CGUJBJB4" failures="0" tests="1" name="PDPpagetTestcases.TC_165_Check_rugshape_same_as_selected_from_ref_page" time="7.373" errors="0" timestamp="2023-10-03T20:20:04 IST" skipped="0">
  <testcase classname="PDPpagetTestcases.TC_165_Check_rugshape_same_as_selected_from_ref_page" name="check_rugshape_same_as_selected" time="7.373"/>
</testsuite> <!-- PDPpagetTestcases.TC_165_Check_rugshape_same_as_selected_from_ref_page -->
