<?xml version="1.0" encoding="UTF-8"?>
<!-- Generated by org.testng.reporters.JUnitReportReporter -->
<testsuite hostname="LAPTOP-CGUJBJB4" failures="0" tests="1" name="CheckoutpageTestcases.TC_293_Check_shipping_address_Country_dropdown" time="24.579" errors="0" timestamp="2023-11-10T18:43:06 IST" skipped="0">
  <testcase classname="CheckoutpageTestcases.TC_293_Check_shipping_address_Country_dropdown" name="check_country_dropdown_functionality" time="24.579"/>
</testsuite> <!-- CheckoutpageTestcases.TC_293_Check_shipping_address_Country_dropdown -->
