<?xml version="1.0" encoding="UTF-8"?>
<!-- Generated by org.testng.reporters.JUnitReportReporter -->
<testsuite hostname="LAPTOP-CGUJBJB4" failures="0" tests="1" name="CheckoutpageTestcases.TC_327_Check_checkout_page_displays_handling_charge" time="19.545" errors="0" timestamp="2023-11-27T18:18:56 IST" skipped="0">
  <testcase classname="CheckoutpageTestcases.TC_327_Check_checkout_page_displays_handling_charge" name="checkout_pg_displays_handling_charge" time="19.545"/>
</testsuite> <!-- CheckoutpageTestcases.TC_327_Check_checkout_page_displays_handling_charge -->
