<?xml version="1.0" encoding="UTF-8"?>
<!-- Generated by org.testng.reporters.JUnitReportReporter -->
<testsuite hostname="LAPTOP-CGUJBJB4" failures="0" tests="1" name="Shopping_cartTestcases.TC_261_Check_Order_Summary_displays_required_fields" time="19.037" errors="0" timestamp="2023-11-03T19:44:20 IST" skipped="0">
  <testcase classname="Shopping_cartTestcases.TC_261_Check_Order_Summary_displays_required_fields" name="check_order_summary_displays_required_fields" time="19.037"/>
</testsuite> <!-- Shopping_cartTestcases.TC_261_Check_Order_Summary_displays_required_fields -->
