<?xml version="1.0" encoding="UTF-8"?>
<!-- Generated by org.testng.reporters.JUnitReportReporter -->
<testsuite hostname="LAPTOP-CGUJBJB4" failures="0" tests="1" name="PDPpagetTestcases.TC_240_Check_stain_protection_price_changes_when_size_changed" time="17.805" errors="0" timestamp="2023-10-26T19:08:00 IST" skipped="0">
  <testcase classname="PDPpagetTestcases.TC_240_Check_stain_protection_price_changes_when_size_changed" name="check_small_rug_price" time="17.805"/>
</testsuite> <!-- PDPpagetTestcases.TC_240_Check_stain_protection_price_changes_when_size_changed -->
