<?xml version="1.0" encoding="UTF-8"?>
<!-- Generated by org.testng.reporters.JUnitReportReporter -->
<testsuite hostname="LAPTOP-CGUJBJB4" failures="0" tests="1" name="CheckoutpageTestcases.TC_321_Check_credit_card_number_not_accepts_alphabets_speical_chrac" time="21.321" errors="0" timestamp="2023-11-27T20:29:48 IST" skipped="0">
  <testcase classname="CheckoutpageTestcases.TC_321_Check_credit_card_number_not_accepts_alphabets_speical_chrac" name="check_creditcard_accept_16digits" time="21.321"/>
</testsuite> <!-- CheckoutpageTestcases.TC_321_Check_credit_card_number_not_accepts_alphabets_speical_chrac -->
